
# There is insufficient memory for the Java Runtime Environment to continue.
# Native memory allocation (malloc) failed to allocate 1104576 bytes. Error detail: Chunk::new
# Possible reasons:
#   The system is out of physical RAM or swap space
#   This process is running with CompressedOops enabled, and the Java Heap may be blocking the growth of the native heap
# Possible solutions:
#   Reduce memory load on the system
#   Increase physical memory or swap space
#   Check if swap backing store is full
#   Decrease Java heap size (-Xmx/-Xms)
#   Decrease number of Java threads
#   Decrease Java thread stack sizes (-Xss)
#   Set larger code cache with -XX:ReservedCodeCacheSize=
#   JVM is running with Zero Based Compressed Oops mode in which the Java heap is
#     placed in the first 32GB address space. The Java Heap base address is the
#     maximum limit for the native heap growth. Please use -XX:HeapBaseMinAddress
#     to set the Java Heap base and to place the Java Heap above 32GB virtual address.
# This output file may be truncated or incomplete.
#
#  Out of Memory Error (arena.cpp:191), pid=17492, tid=16240
#
# JRE version: OpenJDK Runtime Environment Microsoft-11926163 (17.0.16+8) (build 17.0.16+8-LTS)
# Java VM: OpenJDK 64-Bit Server VM Microsoft-11926163 (17.0.16+8-LTS, mixed mode, sharing, tiered, compressed oops, compressed class ptrs, g1 gc, windows-amd64)
# No core dump will be written. Minidumps are not enabled by default on client versions of Windows
#

---------------  S U M M A R Y ------------

Command Line: -Dfile.encoding=UTF-8 -Duser.country=RU -Duser.language=ru -Duser.variant dev.vorstu.VorstuApplication

Host: 12th Gen Intel(R) Core(TM) i5-12450H, 12 cores, 15G,  Windows 11 , 64 bit Build 26100 (10.0.26100.6725)
Time: Fri Nov 14 22:45:55 2025 RTZ 2 (s 11 , 64 bit Build 26100 (10.0.26100.6725) elapsed time: 5.815043 seconds (0d 0h 0m 5s)

---------------  T H R E A D  ---------------

Current thread (0x000002a87f6a3740):  JavaThread "C2 CompilerThread1" daemon [_thread_in_native, id=16240, stack(0x000000ec82000000,0x000000ec82100000)]


Current CompileTask:
C2:   5815 5366       4       org.springframework.core.annotation.TypeMappedAnnotations::get (52 bytes)

Stack: [0x000000ec82000000,0x000000ec82100000]
Native frames: (J=compiled Java code, j=interpreted, Vv=VM code, C=native code)
V  [jvm.dll+0x68ee19]
V  [jvm.dll+0x846249]
V  [jvm.dll+0x847fb8]
V  [jvm.dll+0x848643]
V  [jvm.dll+0x24cf6f]
V  [jvm.dll+0xaecb6]
V  [jvm.dll+0xaf35c]
V  [jvm.dll+0x2b4baf]
V  [jvm.dll+0x594a14]
V  [jvm.dll+0x226d84]
V  [jvm.dll+0x22718d]
V  [jvm.dll+0x220193]
V  [jvm.dll+0x21d260]
V  [jvm.dll+0x1a8ce6]
V  [jvm.dll+0x22db1b]
V  [jvm.dll+0x22bca6]
V  [jvm.dll+0x7fba9b]
V  [jvm.dll+0x7f5e9c]
V  [jvm.dll+0x68dd27]
C  [ucrtbase.dll+0x37b0]
C  [KERNEL32.DLL+0x2e8d7]
C  [ntdll.dll+0x8c53c]


---------------  P R O C E S S  ---------------

Threads class SMR info:
_java_thread_list=0x000002a85b475360, length=20, elements={
0x000002a86d0daf50, 0x000002a87f43ef50, 0x000002a87f442690, 0x000002a87f45a550,
0x000002a87f45cf20, 0x000002a87f45e450, 0x000002a87f45f980, 0x000002a87f461290,
0x000002a87f46e8e0, 0x000002a87f485720, 0x000002a87f5cd610, 0x000002a87f5d6360,
0x000002a87f6a3740, 0x000002a856c3ec10, 0x000002a856c40560, 0x000002a856c40050,
0x000002a8567e0e30, 0x000002a856c3d2c0, 0x000002a856c3d7d0, 0x000002a856c3e700
}

Java Threads: ( => current thread )
  0x000002a86d0daf50 JavaThread "main" [_thread_in_Java, id=23664, stack(0x000000ec80d00000,0x000000ec80e00000)]
  0x000002a87f43ef50 JavaThread "Reference Handler" daemon [_thread_blocked, id=32184, stack(0x000000ec81400000,0x000000ec81500000)]
  0x000002a87f442690 JavaThread "Finalizer" daemon [_thread_blocked, id=31972, stack(0x000000ec81500000,0x000000ec81600000)]
  0x000002a87f45a550 JavaThread "Signal Dispatcher" daemon [_thread_blocked, id=13412, stack(0x000000ec81600000,0x000000ec81700000)]
  0x000002a87f45cf20 JavaThread "Attach Listener" daemon [_thread_blocked, id=22300, stack(0x000000ec81700000,0x000000ec81800000)]
  0x000002a87f45e450 JavaThread "Service Thread" daemon [_thread_blocked, id=15188, stack(0x000000ec81800000,0x000000ec81900000)]
  0x000002a87f45f980 JavaThread "Monitor Deflation Thread" daemon [_thread_blocked, id=19688, stack(0x000000ec81900000,0x000000ec81a00000)]
  0x000002a87f461290 JavaThread "C2 CompilerThread0" daemon [_thread_in_native, id=17504, stack(0x000000ec81a00000,0x000000ec81b00000)]
  0x000002a87f46e8e0 JavaThread "C1 CompilerThread0" daemon [_thread_in_native, id=24288, stack(0x000000ec81b00000,0x000000ec81c00000)]
  0x000002a87f485720 JavaThread "Sweeper thread" daemon [_thread_blocked, id=19864, stack(0x000000ec81c00000,0x000000ec81d00000)]
  0x000002a87f5cd610 JavaThread "Notification Thread" daemon [_thread_blocked, id=10104, stack(0x000000ec81d00000,0x000000ec81e00000)]
  0x000002a87f5d6360 JavaThread "Common-Cleaner" daemon [_thread_blocked, id=22484, stack(0x000000ec81f00000,0x000000ec82000000)]
=>0x000002a87f6a3740 JavaThread "C2 CompilerThread1" daemon [_thread_in_native, id=16240, stack(0x000000ec82000000,0x000000ec82100000)]
  0x000002a856c3ec10 JavaThread "PostgreSQL-JDBC-Cleaner" daemon [_thread_blocked, id=30828, stack(0x000000ec82e00000,0x000000ec82f00000)]
  0x000002a856c40560 JavaThread "HikariPool-1:housekeeper" daemon [_thread_blocked, id=31104, stack(0x000000ec82f00000,0x000000ec83000000)]
  0x000002a856c40050 JavaThread "HikariPool-1:connection-adder" daemon [_thread_blocked, id=33184, stack(0x000000ec83000000,0x000000ec83100000)]
  0x000002a8567e0e30 JavaThread "C2 CompilerThread2" daemon [_thread_in_native, id=30768, stack(0x000000ec82100000,0x000000ec82200000)]
  0x000002a856c3d2c0 JavaThread "Catalina-utility-1" [_thread_blocked, id=32148, stack(0x000000ec83100000,0x000000ec83200000)]
  0x000002a856c3d7d0 JavaThread "Catalina-utility-2" [_thread_blocked, id=32668, stack(0x000000ec83200000,0x000000ec83300000)]
  0x000002a856c3e700 JavaThread "container-0" [_thread_blocked, id=32548, stack(0x000000ec83300000,0x000000ec83400000)]

Other Threads:
  0x000002a87f438ea0 VMThread "VM Thread" [stack: 0x000000ec81300000,0x000000ec81400000] [id=31592]
  0x000002a87f5d0110 WatcherThread [stack: 0x000000ec81e00000,0x000000ec81f00000] [id=16512]
  0x000002a86d147b80 GCTaskThread "GC Thread#0" [stack: 0x000000ec80e00000,0x000000ec80f00000] [id=24568]
  0x000002a856318630 GCTaskThread "GC Thread#1" [stack: 0x000000ec82200000,0x000000ec82300000] [id=14220]
  0x000002a8563188f0 GCTaskThread "GC Thread#2" [stack: 0x000000ec82300000,0x000000ec82400000] [id=17652]
  0x000002a856318bb0 GCTaskThread "GC Thread#3" [stack: 0x000000ec82400000,0x000000ec82500000] [id=29160]
  0x000002a856318e70 GCTaskThread "GC Thread#4" [stack: 0x000000ec82500000,0x000000ec82600000] [id=10260]
  0x000002a856319130 GCTaskThread "GC Thread#5" [stack: 0x000000ec82600000,0x000000ec82700000] [id=6772]
  0x000002a8570fd5d0 GCTaskThread "GC Thread#6" [stack: 0x000000ec82800000,0x000000ec82900000] [id=3528]
  0x000002a857349e70 GCTaskThread "GC Thread#7" [stack: 0x000000ec82900000,0x000000ec82a00000] [id=12096]
  0x000002a8580da760 GCTaskThread "GC Thread#8" [stack: 0x000000ec82700000,0x000000ec82800000] [id=17968]
  0x000002a857cee600 GCTaskThread "GC Thread#9" [stack: 0x000000ec82a00000,0x000000ec82b00000] [id=14564]
  0x000002a86d158750 ConcurrentGCThread "G1 Main Marker" [stack: 0x000000ec80f00000,0x000000ec81000000] [id=6964]
  0x000002a86d159e40 ConcurrentGCThread "G1 Conc#0" [stack: 0x000000ec81000000,0x000000ec81100000] [id=4880]
  0x000002a857e3e8f0 ConcurrentGCThread "G1 Conc#1" [stack: 0x000000ec82b00000,0x000000ec82c00000] [id=14248]
  0x000002a857e3e630 ConcurrentGCThread "G1 Conc#2" [stack: 0x000000ec82c00000,0x000000ec82d00000] [id=13392]
  0x000002a87f0d0020 ConcurrentGCThread "G1 Refine#0" [stack: 0x000000ec81100000,0x000000ec81200000] [id=11524]
  0x000002a87f0d1900 ConcurrentGCThread "G1 Service" [stack: 0x000000ec81200000,0x000000ec81300000] [id=33044]

Threads with active compile tasks:
C2 CompilerThread0     5839 5431       4       org.antlr.v4.runtime.atn.PredictionContext::mergeSingletons (392 bytes)
C1 CompilerThread0     5839 5557       3       org.antlr.v4.runtime.BufferedTokenStream::nextTokenOnChannel (85 bytes)
C2 CompilerThread1     5839 5366       4       org.springframework.core.annotation.TypeMappedAnnotations::get (52 bytes)
C2 CompilerThread2     5839 5434       4       org.antlr.v4.runtime.misc.FlexibleHashMap::put (157 bytes)

VM state: not at safepoint (normal execution)

VM Mutex/Monitor currently owned by a thread:  ([mutex/lock_event])
[0x000002a86d0d57a0] CompiledIC_lock - owner thread: 0x0000000000000000

Heap address: 0x0000000703800000, size: 4040 MB, Compressed Oops mode: Zero based, Oop shift amount: 3

CDS archive(s) mapped at: [0x000002a811000000-0x000002a811bb0000-0x000002a811bb0000), size 12255232, SharedBaseAddress: 0x000002a811000000, ArchiveRelocationMode: 1.
Compressed class space mapped at: 0x000002a812000000-0x000002a852000000, reserved size: 1073741824
Narrow klass base: 0x000002a811000000, Narrow klass shift: 0, Narrow klass range: 0x100000000

GC Precious Log:
 CPUs: 12 total, 12 available
 Memory: 16155M
 Large Page Support: Disabled
 NUMA Support: Disabled
 Compressed Oops: Enabled (Zero based)
 Heap Region Size: 2M
 Heap Min Capacity: 8M
 Heap Initial Capacity: 254M
 Heap Max Capacity: 4040M
 Pre-touch: Disabled
 Parallel Workers: 10
 Concurrent Workers: 3
 Concurrent Refinement Workers: 10
 Periodic GC: Disabled

Heap:
 garbage-first heap   total 98304K, used 49307K [0x0000000703800000, 0x0000000800000000)
  region size 2048K, 10 young (20480K), 2 survivors (4096K)
 Metaspace       used 64313K, committed 64896K, reserved 1114112K
  class space    used 9198K, committed 9472K, reserved 1048576K

Heap Regions: E=young(eden), S=young(survivor), O=old, HS=humongous(starts), HC=humongous(continues), CS=collection set, F=free, OA=open archive, CA=closed archive, TAMS=top-at-mark-start (previous, next)
|   0|0x0000000703800000, 0x0000000703a00000, 0x0000000703a00000|100%| O|  |TAMS 0x0000000703a00000, 0x0000000703800000| Untracked 
|   1|0x0000000703a00000, 0x0000000703c00000, 0x0000000703c00000|100%| O|  |TAMS 0x0000000703c00000, 0x0000000703a00000| Untracked 
|   2|0x0000000703c00000, 0x0000000703e00000, 0x0000000703e00000|100%| O|  |TAMS 0x0000000703e00000, 0x0000000703c00000| Untracked 
|   3|0x0000000703e00000, 0x0000000703f3ee00, 0x0000000704000000| 62%| O|  |TAMS 0x0000000703f3ee00, 0x0000000703e00000| Untracked 
|   4|0x0000000704000000, 0x0000000704200000, 0x0000000704200000|100%| O|  |TAMS 0x0000000704200000, 0x0000000704000000| Untracked 
|   5|0x0000000704200000, 0x0000000704400000, 0x0000000704400000|100%| O|  |TAMS 0x0000000704400000, 0x0000000704200000| Untracked 
|   6|0x0000000704400000, 0x0000000704600000, 0x0000000704600000|100%| O|  |TAMS 0x0000000704600000, 0x0000000704400000| Untracked 
|   7|0x0000000704600000, 0x0000000704800000, 0x0000000704800000|100%| O|  |TAMS 0x0000000704800000, 0x0000000704600000| Untracked 
|   8|0x0000000704800000, 0x0000000704a00000, 0x0000000704a00000|100%| O|  |TAMS 0x0000000704a00000, 0x0000000704800000| Untracked 
|   9|0x0000000704a00000, 0x0000000704c00000, 0x0000000704c00000|100%| O|  |TAMS 0x0000000704c00000, 0x0000000704a00000| Untracked 
|  10|0x0000000704c00000, 0x0000000704e00000, 0x0000000704e00000|100%| O|  |TAMS 0x0000000704ce1e00, 0x0000000704c00000| Untracked 
|  11|0x0000000704e00000, 0x0000000705000000, 0x0000000705000000|100%| O|  |TAMS 0x0000000704e00000, 0x0000000704e00000| Untracked 
|  12|0x0000000705000000, 0x0000000705200000, 0x0000000705200000|100%| O|  |TAMS 0x0000000705000000, 0x0000000705000000| Untracked 
|  13|0x0000000705200000, 0x0000000705400000, 0x0000000705400000|100%| O|  |TAMS 0x0000000705200000, 0x0000000705200000| Untracked 
|  14|0x0000000705400000, 0x0000000705600000, 0x0000000705600000|100%| O|  |TAMS 0x0000000705400000, 0x0000000705400000| Untracked 
|  15|0x0000000705600000, 0x0000000705800000, 0x0000000705800000|100%| O|  |TAMS 0x0000000705600000, 0x0000000705600000| Untracked 
|  16|0x0000000705800000, 0x000000070587e200, 0x0000000705a00000| 24%| O|  |TAMS 0x0000000705800000, 0x0000000705800000| Untracked 
|  17|0x0000000705a00000, 0x0000000705a00000, 0x0000000705c00000|  0%| F|  |TAMS 0x0000000705a00000, 0x0000000705a00000| Untracked 
|  18|0x0000000705c00000, 0x0000000705c00000, 0x0000000705e00000|  0%| F|  |TAMS 0x0000000705c00000, 0x0000000705c00000| Untracked 
|  19|0x0000000705e00000, 0x0000000705e00000, 0x0000000706000000|  0%| F|  |TAMS 0x0000000705e00000, 0x0000000705e00000| Untracked 
|  20|0x0000000706000000, 0x0000000706000000, 0x0000000706200000|  0%| F|  |TAMS 0x0000000706000000, 0x0000000706000000| Untracked 
|  21|0x0000000706200000, 0x0000000706200000, 0x0000000706400000|  0%| F|  |TAMS 0x0000000706200000, 0x0000000706200000| Untracked 
|  22|0x0000000706400000, 0x0000000706400000, 0x0000000706600000|  0%| F|  |TAMS 0x0000000706400000, 0x0000000706400000| Untracked 
|  23|0x0000000706600000, 0x0000000706600000, 0x0000000706800000|  0%| F|  |TAMS 0x0000000706600000, 0x0000000706600000| Untracked 
|  24|0x0000000706800000, 0x0000000706800000, 0x0000000706a00000|  0%| F|  |TAMS 0x0000000706800000, 0x0000000706800000| Untracked 
|  25|0x0000000706a00000, 0x0000000706a69f00, 0x0000000706c00000| 20%| S|CS|TAMS 0x0000000706a00000, 0x0000000706a00000| Complete 
|  26|0x0000000706c00000, 0x0000000706e00000, 0x0000000706e00000|100%| S|CS|TAMS 0x0000000706c00000, 0x0000000706c00000| Complete 
|  27|0x0000000706e00000, 0x0000000706e00000, 0x0000000707000000|  0%| F|  |TAMS 0x0000000706e00000, 0x0000000706e00000| Untracked 
|  28|0x0000000707000000, 0x0000000707000000, 0x0000000707200000|  0%| F|  |TAMS 0x0000000707000000, 0x0000000707000000| Untracked 
|  29|0x0000000707200000, 0x0000000707200000, 0x0000000707400000|  0%| F|  |TAMS 0x0000000707200000, 0x0000000707200000| Untracked 
|  30|0x0000000707400000, 0x0000000707400000, 0x0000000707600000|  0%| F|  |TAMS 0x0000000707400000, 0x0000000707400000| Untracked 
|  31|0x0000000707600000, 0x0000000707600000, 0x0000000707800000|  0%| F|  |TAMS 0x0000000707600000, 0x0000000707600000| Untracked 
|  32|0x0000000707800000, 0x0000000707800000, 0x0000000707a00000|  0%| F|  |TAMS 0x0000000707800000, 0x0000000707800000| Untracked 
|  33|0x0000000707a00000, 0x0000000707a00000, 0x0000000707c00000|  0%| F|  |TAMS 0x0000000707a00000, 0x0000000707a00000| Untracked 
|  34|0x0000000707c00000, 0x0000000707c00000, 0x0000000707e00000|  0%| F|  |TAMS 0x0000000707c00000, 0x0000000707c00000| Untracked 
|  35|0x0000000707e00000, 0x0000000707e00000, 0x0000000708000000|  0%| F|  |TAMS 0x0000000707e00000, 0x0000000707e00000| Untracked 
|  36|0x0000000708000000, 0x0000000708000000, 0x0000000708200000|  0%| F|  |TAMS 0x0000000708000000, 0x0000000708000000| Untracked 
|  37|0x0000000708200000, 0x0000000708200000, 0x0000000708400000|  0%| F|  |TAMS 0x0000000708200000, 0x0000000708200000| Untracked 
|  38|0x0000000708400000, 0x0000000708400000, 0x0000000708600000|  0%| F|  |TAMS 0x0000000708400000, 0x0000000708400000| Untracked 
|  39|0x0000000708600000, 0x0000000708600000, 0x0000000708800000|  0%| F|  |TAMS 0x0000000708600000, 0x0000000708600000| Untracked 
|  40|0x0000000708800000, 0x0000000708982288, 0x0000000708a00000| 75%| E|  |TAMS 0x0000000708800000, 0x0000000708800000| Complete 
|  41|0x0000000708a00000, 0x0000000708c00000, 0x0000000708c00000|100%| E|CS|TAMS 0x0000000708a00000, 0x0000000708a00000| Complete 
|  42|0x0000000708c00000, 0x0000000708e00000, 0x0000000708e00000|100%| E|CS|TAMS 0x0000000708c00000, 0x0000000708c00000| Complete 
|  43|0x0000000708e00000, 0x0000000709000000, 0x0000000709000000|100%| E|CS|TAMS 0x0000000708e00000, 0x0000000708e00000| Complete 
|  44|0x0000000709000000, 0x0000000709200000, 0x0000000709200000|100%| E|CS|TAMS 0x0000000709000000, 0x0000000709000000| Complete 
|  45|0x0000000709200000, 0x0000000709400000, 0x0000000709400000|100%| E|CS|TAMS 0x0000000709200000, 0x0000000709200000| Complete 
| 120|0x0000000712800000, 0x0000000712a00000, 0x0000000712a00000|100%| E|CS|TAMS 0x0000000712800000, 0x0000000712800000| Complete 
| 126|0x0000000713400000, 0x0000000713600000, 0x0000000713600000|100%| E|CS|TAMS 0x0000000713400000, 0x0000000713400000| Complete 

Card table byte_map: [0x000002a875970000,0x000002a876160000] _byte_map_base: 0x000002a872154000

Marking Bits (Prev, Next): (CMBitMap*) 0x000002a86d1481e0, (CMBitMap*) 0x000002a86d1481a0
 Prev Bits: [0x000002a87a870000, 0x000002a87e790000)
 Next Bits: [0x000002a876950000, 0x000002a87a870000)

Polling page: 0x000002a86ae40000

Metaspace:

Usage:
  Non-class:     53.83 MB used.
      Class:      8.98 MB used.
       Both:     62.81 MB used.

Virtual space:
  Non-class space:       64.00 MB reserved,      54.12 MB ( 85%) committed,  1 nodes.
      Class space:        1.00 GB reserved,       9.25 MB ( <1%) committed,  1 nodes.
             Both:        1.06 GB reserved,      63.38 MB (  6%) committed. 

Chunk freelists:
   Non-Class:  9.53 MB
       Class:  6.59 MB
        Both:  16.13 MB

MaxMetaspaceSize: unlimited
CompressedClassSpaceSize: 1.00 GB
Initial GC threshold: 21.00 MB
Current GC threshold: 98.12 MB
CDS: on
MetaspaceReclaimPolicy: balanced
 - commit_granule_bytes: 65536.
 - commit_granule_words: 8192.
 - virtual_space_node_default_size: 8388608.
 - enlarge_chunks_in_place: 1.
 - new_chunks_are_fully_committed: 0.
 - uncommit_free_chunks: 1.
 - use_allocation_guard: 0.
 - handle_deallocations: 1.


Internal statistics:

num_allocs_failed_limit: 9.
num_arena_births: 780.
num_arena_deaths: 0.
num_vsnodes_births: 2.
num_vsnodes_deaths: 0.
num_space_committed: 1014.
num_space_uncommitted: 0.
num_chunks_returned_to_freelist: 9.
num_chunks_taken_from_freelist: 3113.
num_chunk_merges: 9.
num_chunk_splits: 2294.
num_chunks_enlarged: 1841.
num_inconsistent_stats: 0.

CodeHeap 'non-profiled nmethods': size=120000Kb used=3821Kb max_used=3821Kb free=116178Kb
 bounds [0x000002a807ad0000, 0x000002a807e90000, 0x000002a80f000000]
CodeHeap 'profiled nmethods': size=120000Kb used=9083Kb max_used=9838Kb free=110917Kb
 bounds [0x000002a800000000, 0x000002a8009a0000, 0x000002a807530000]
CodeHeap 'non-nmethods': size=5760Kb used=1325Kb max_used=1384Kb free=4434Kb
 bounds [0x000002a807530000, 0x000002a8077a0000, 0x000002a807ad0000]
 total_blobs=5412 nmethods=4758 adapters=566
 compilation: enabled
              stopped_count=0, restarted_count=0
 full_count=0

Compilation events (20 events):
Event: 5.664 Thread 0x000002a87f461290 5443       4       org.antlr.v4.runtime.atn.ParserATNSimulator::canDropLoopEntryEdgeInLeftRecursiveRule (328 bytes)
Event: 5.678 Thread 0x000002a87f461290 nmethod 5443 0x000002a807b1e890 code [0x000002a807b1eb00, 0x000002a807b1f808]
Event: 5.678 Thread 0x000002a87f461290 5430       4       org.antlr.v4.runtime.atn.ATNConfigSet::add (142 bytes)
Event: 5.687 Thread 0x000002a87f46e8e0 5509       3       org.antlr.v4.runtime.atn.ParserATNSimulator::computeReachSet (575 bytes)
Event: 5.691 Thread 0x000002a87f46e8e0 nmethod 5509 0x000002a800077e10 code [0x000002a8000785a0, 0x000002a80007d578]
Event: 5.691 Thread 0x000002a87f46e8e0 5510 %     3       org.antlr.v4.runtime.atn.PredictionMode::hasConflictingAltSet @ 7 (41 bytes)
Event: 5.691 Thread 0x000002a87f46e8e0 nmethod 5510% 0x000002a800361e10 code [0x000002a800362000, 0x000002a8003625b8]
Event: 5.699 Thread 0x000002a87f46e8e0 5512       2       org.antlr.v4.runtime.Parser::enterRule (50 bytes)
Event: 5.700 Thread 0x000002a87f46e8e0 nmethod 5512 0x000002a800077710 code [0x000002a8000778e0, 0x000002a800077c08]
Event: 5.700 Thread 0x000002a87f46e8e0 5513       2       org.antlr.v4.runtime.Parser::addContextToParseTree (25 bytes)
Event: 5.700 Thread 0x000002a87f46e8e0 nmethod 5513 0x000002a800361810 code [0x000002a8003619c0, 0x000002a800361ca8]
Event: 5.714 Thread 0x000002a87f461290 nmethod 5430 0x000002a807c4ba90 code [0x000002a807c4bce0, 0x000002a807c4da28]
Event: 5.714 Thread 0x000002a87f461290 5431       4       org.antlr.v4.runtime.atn.PredictionContext::mergeSingletons (392 bytes)
Event: 5.718 Thread 0x000002a87f6a3740 nmethod 5498 0x000002a807cf3490 code [0x000002a807cf3920, 0x000002a807cf97e8]
Event: 5.719 Thread 0x000002a87f6a3740 5366       4       org.springframework.core.annotation.TypeMappedAnnotations::get (52 bytes)
Event: 5.729 Thread 0x000002a87f46e8e0 5516       2       java.util.ArrayList::equalsArrayList (108 bytes)
Event: 5.730 Thread 0x000002a87f46e8e0 nmethod 5516 0x000002a800076d90 code [0x000002a800076f80, 0x000002a8000773e8]
Event: 5.738 Thread 0x000002a87f46e8e0 5517       3       org.antlr.v4.runtime.atn.SingletonPredictionContext::equals (72 bytes)
Event: 5.738 Thread 0x000002a87f46e8e0 nmethod 5517 0x000002a8008be090 code [0x000002a8008be280, 0x000002a8008be938]
Event: 5.813 Thread 0x000002a87f46e8e0 5519   !   2       org.antlr.v4.runtime.atn.ParserATNSimulator::adaptivePredict (406 bytes)

GC Heap History (20 events):
Event: 3.081 GC heap before
{Heap before GC invocations=8 (full 0):
 garbage-first heap   total 61440K, used 42313K [0x0000000703800000, 0x0000000800000000)
  region size 2048K, 13 young (26624K), 2 survivors (4096K)
 Metaspace       used 35359K, committed 35712K, reserved 1114112K
  class space    used 4680K, committed 4864K, reserved 1048576K
}
Event: 3.086 GC heap after
{Heap after GC invocations=9 (full 0):
 garbage-first heap   total 161792K, used 20980K [0x0000000703800000, 0x0000000800000000)
  region size 2048K, 1 young (2048K), 1 survivors (2048K)
 Metaspace       used 35359K, committed 35712K, reserved 1114112K
  class space    used 4680K, committed 4864K, reserved 1048576K
}
Event: 3.102 GC heap before
{Heap before GC invocations=9 (full 0):
 garbage-first heap   total 161792K, used 20980K [0x0000000703800000, 0x0000000800000000)
  region size 2048K, 2 young (4096K), 1 survivors (2048K)
 Metaspace       used 35597K, committed 35968K, reserved 1114112K
  class space    used 4726K, committed 4928K, reserved 1048576K
}
Event: 3.104 GC heap after
{Heap after GC invocations=10 (full 0):
 garbage-first heap   total 161792K, used 20784K [0x0000000703800000, 0x0000000800000000)
  region size 2048K, 1 young (2048K), 1 survivors (2048K)
 Metaspace       used 35597K, committed 35968K, reserved 1114112K
  class space    used 4726K, committed 4928K, reserved 1048576K
}
Event: 3.940 GC heap before
{Heap before GC invocations=11 (full 0):
 garbage-first heap   total 81920K, used 67888K [0x0000000703800000, 0x0000000800000000)
  region size 2048K, 24 young (49152K), 1 survivors (2048K)
 Metaspace       used 47483K, committed 48000K, reserved 1114112K
  class space    used 6299K, committed 6528K, reserved 1048576K
}
Event: 3.944 GC heap after
{Heap after GC invocations=12 (full 0):
 garbage-first heap   total 81920K, used 23456K [0x0000000703800000, 0x0000000800000000)
  region size 2048K, 2 young (4096K), 2 survivors (4096K)
 Metaspace       used 47483K, committed 48000K, reserved 1114112K
  class space    used 6299K, committed 6528K, reserved 1048576K
}
Event: 4.579 GC heap before
{Heap before GC invocations=12 (full 0):
 garbage-first heap   total 81920K, used 62368K [0x0000000703800000, 0x0000000800000000)
  region size 2048K, 21 young (43008K), 2 survivors (4096K)
 Metaspace       used 56425K, committed 57024K, reserved 1114112K
  class space    used 7779K, committed 8064K, reserved 1048576K
}
Event: 4.584 GC heap after
{Heap after GC invocations=13 (full 0):
 garbage-first heap   total 81920K, used 25342K [0x0000000703800000, 0x0000000800000000)
  region size 2048K, 3 young (6144K), 3 survivors (6144K)
 Metaspace       used 56425K, committed 57024K, reserved 1114112K
  class space    used 7779K, committed 8064K, reserved 1048576K
}
Event: 4.812 GC heap before
{Heap before GC invocations=13 (full 0):
 garbage-first heap   total 81920K, used 37630K [0x0000000703800000, 0x0000000800000000)
  region size 2048K, 10 young (20480K), 3 survivors (6144K)
 Metaspace       used 59604K, committed 60096K, reserved 1114112K
  class space    used 8336K, committed 8576K, reserved 1048576K
}
Event: 4.818 GC heap after
{Heap after GC invocations=14 (full 0):
 garbage-first heap   total 81920K, used 26155K [0x0000000703800000, 0x0000000800000000)
  region size 2048K, 2 young (4096K), 2 survivors (4096K)
 Metaspace       used 59604K, committed 60096K, reserved 1114112K
  class space    used 8336K, committed 8576K, reserved 1048576K
}
Event: 5.037 GC heap before
{Heap before GC invocations=15 (full 0):
 garbage-first heap   total 81920K, used 63019K [0x0000000703800000, 0x0000000800000000)
  region size 2048K, 20 young (40960K), 2 survivors (4096K)
 Metaspace       used 61659K, committed 62272K, reserved 1114112K
  class space    used 8812K, committed 9088K, reserved 1048576K
}
Event: 5.043 GC heap after
{Heap after GC invocations=16 (full 0):
 garbage-first heap   total 81920K, used 28650K [0x0000000703800000, 0x0000000800000000)
  region size 2048K, 3 young (6144K), 3 survivors (6144K)
 Metaspace       used 61659K, committed 62272K, reserved 1114112K
  class space    used 8812K, committed 9088K, reserved 1048576K
}
Event: 5.339 GC heap before
{Heap before GC invocations=16 (full 0):
 garbage-first heap   total 81920K, used 63466K [0x0000000703800000, 0x0000000800000000)
  region size 2048K, 20 young (40960K), 3 survivors (6144K)
 Metaspace       used 64155K, committed 64768K, reserved 1114112K
  class space    used 9179K, committed 9472K, reserved 1048576K
}
Event: 5.343 GC heap after
{Heap after GC invocations=17 (full 0):
 garbage-first heap   total 81920K, used 32276K [0x0000000703800000, 0x0000000800000000)
  region size 2048K, 3 young (6144K), 3 survivors (6144K)
 Metaspace       used 64155K, committed 64768K, reserved 1114112K
  class space    used 9179K, committed 9472K, reserved 1048576K
}
Event: 5.484 GC heap before
{Heap before GC invocations=17 (full 0):
 garbage-first heap   total 81920K, used 60948K [0x0000000703800000, 0x0000000800000000)
  region size 2048K, 17 young (34816K), 3 survivors (6144K)
 Metaspace       used 64161K, committed 64768K, reserved 1114112K
  class space    used 9179K, committed 9472K, reserved 1048576K
}
Event: 5.488 GC heap after
{Heap after GC invocations=18 (full 0):
 garbage-first heap   total 98304K, used 35358K [0x0000000703800000, 0x0000000800000000)
  region size 2048K, 2 young (4096K), 2 survivors (4096K)
 Metaspace       used 64161K, committed 64768K, reserved 1114112K
  class space    used 9179K, committed 9472K, reserved 1048576K
}
Event: 5.649 GC heap before
{Heap before GC invocations=18 (full 0):
 garbage-first heap   total 98304K, used 72222K [0x0000000703800000, 0x0000000800000000)
  region size 2048K, 20 young (40960K), 2 survivors (4096K)
 Metaspace       used 64201K, committed 64768K, reserved 1114112K
  class space    used 9181K, committed 9472K, reserved 1048576K
}
Event: 5.651 GC heap after
{Heap after GC invocations=19 (full 0):
 garbage-first heap   total 98304K, used 35711K [0x0000000703800000, 0x0000000800000000)
  region size 2048K, 2 young (4096K), 2 survivors (4096K)
 Metaspace       used 64201K, committed 64768K, reserved 1114112K
  class space    used 9181K, committed 9472K, reserved 1048576K
}
Event: 5.776 GC heap before
{Heap before GC invocations=19 (full 0):
 garbage-first heap   total 98304K, used 74623K [0x0000000703800000, 0x0000000800000000)
  region size 2048K, 21 young (43008K), 2 survivors (4096K)
 Metaspace       used 64206K, committed 64768K, reserved 1114112K
  class space    used 9181K, committed 9472K, reserved 1048576K
}
Event: 5.777 GC heap after
{Heap after GC invocations=20 (full 0):
 garbage-first heap   total 98304K, used 34971K [0x0000000703800000, 0x0000000800000000)
  region size 2048K, 2 young (4096K), 2 survivors (4096K)
 Metaspace       used 64206K, committed 64768K, reserved 1114112K
  class space    used 9181K, committed 9472K, reserved 1048576K
}

Dll operation events (11 events):
Event: 0.006 Loaded shared library C:\Users\efime\.jdks\ms-17.0.16\bin\java.dll
Event: 0.018 Loaded shared library C:\Users\efime\.jdks\ms-17.0.16\bin\jsvml.dll
Event: 0.076 Loaded shared library C:\Users\efime\.jdks\ms-17.0.16\bin\net.dll
Event: 0.078 Loaded shared library C:\Users\efime\.jdks\ms-17.0.16\bin\nio.dll
Event: 0.080 Loaded shared library C:\Users\efime\.jdks\ms-17.0.16\bin\zip.dll
Event: 0.173 Loaded shared library C:\Users\efime\.jdks\ms-17.0.16\bin\jimage.dll
Event: 1.155 Loaded shared library C:\Users\efime\.jdks\ms-17.0.16\bin\sunmscapi.dll
Event: 2.538 Loaded shared library C:\Users\efime\.jdks\ms-17.0.16\bin\management.dll
Event: 2.540 Loaded shared library C:\Users\efime\.jdks\ms-17.0.16\bin\management_ext.dll
Event: 3.002 Loaded shared library C:\Users\efime\.jdks\ms-17.0.16\bin\verify.dll
Event: 3.278 Loaded shared library C:\Users\efime\.jdks\ms-17.0.16\bin\extnet.dll

Deoptimization events (20 events):
Event: 5.344 Thread 0x000002a86d0daf50 Uncommon trap: trap_request=0xffffff45 fr.pc=0x000002a807b9d518 relative=0x0000000000000078
Event: 5.344 Thread 0x000002a86d0daf50 Uncommon trap: reason=unstable_if action=reinterpret pc=0x000002a807b9d518 method=org.antlr.v4.runtime.atn.ParserATNSimulator.canDropLoopEntryEdgeInLeftRecursiveRule(Lorg/antlr/v4/runtime/atn/ATNConfig;)Z @ 19 c2
Event: 5.344 Thread 0x000002a86d0daf50 DEOPT PACKING pc=0x000002a807b9d518 sp=0x000000ec80dfb950
Event: 5.344 Thread 0x000002a86d0daf50 DEOPT UNPACKING pc=0x000002a8075869a3 sp=0x000000ec80dfb8b0 mode 2
Event: 5.347 Thread 0x000002a86d0daf50 DEOPT PACKING pc=0x000002a8008463ad sp=0x000000ec80dfa880
Event: 5.347 Thread 0x000002a86d0daf50 DEOPT UNPACKING pc=0x000002a807587143 sp=0x000000ec80df9d20 mode 0
Event: 5.371 Thread 0x000002a86d0daf50 DEOPT PACKING pc=0x000002a8001b4e2d sp=0x000000ec80dfbc90
Event: 5.371 Thread 0x000002a86d0daf50 DEOPT UNPACKING pc=0x000002a807587143 sp=0x000000ec80dfb1b0 mode 0
Event: 5.414 Thread 0x000002a86d0daf50 Uncommon trap: trap_request=0xffffff45 fr.pc=0x000002a807b90f14 relative=0x00000000000001f4
Event: 5.414 Thread 0x000002a86d0daf50 Uncommon trap: reason=unstable_if action=reinterpret pc=0x000002a807b90f14 method=java.util.HashMap.getNode(Ljava/lang/Object;)Ljava/util/HashMap$Node; @ 66 c2
Event: 5.414 Thread 0x000002a86d0daf50 DEOPT PACKING pc=0x000002a807b90f14 sp=0x000000ec80dfbc30
Event: 5.414 Thread 0x000002a86d0daf50 DEOPT UNPACKING pc=0x000002a8075869a3 sp=0x000000ec80dfbb40 mode 2
Event: 5.612 Thread 0x000002a86d0daf50 DEOPT PACKING pc=0x000002a8002d703a sp=0x000000ec80dfb6a0
Event: 5.612 Thread 0x000002a86d0daf50 DEOPT UNPACKING pc=0x000002a807587143 sp=0x000000ec80dfabd8 mode 0
Event: 5.687 Thread 0x000002a86d0daf50 DEOPT PACKING pc=0x000002a800144e24 sp=0x000000ec80dfb560
Event: 5.687 Thread 0x000002a86d0daf50 DEOPT UNPACKING pc=0x000002a807587143 sp=0x000000ec80dfaae8 mode 0
Event: 5.738 Thread 0x000002a86d0daf50 Uncommon trap: trap_request=0xffffff45 fr.pc=0x000002a807b4cb9c relative=0x00000000000000fc
Event: 5.738 Thread 0x000002a86d0daf50 Uncommon trap: reason=unstable_if action=reinterpret pc=0x000002a807b4cb9c method=org.antlr.v4.runtime.atn.SingletonPredictionContext.equals(Ljava/lang/Object;)Z @ 11 c2
Event: 5.738 Thread 0x000002a86d0daf50 DEOPT PACKING pc=0x000002a807b4cb9c sp=0x000000ec80df8910
Event: 5.738 Thread 0x000002a86d0daf50 DEOPT UNPACKING pc=0x000002a8075869a3 sp=0x000000ec80df88a8 mode 2

Classes loaded (20 events):
Event: 4.735 Loading class java/util/regex/Pattern$LookBehindEndNode
Event: 4.735 Loading class java/util/regex/Pattern$LookBehindEndNode done
Event: 4.735 Loading class java/util/regex/Pattern$NotBehind
Event: 4.735 Loading class java/util/regex/Pattern$NotBehind done
Event: 4.735 Loading class java/util/regex/Pattern$Behind
Event: 4.735 Loading class java/util/regex/Pattern$Behind done
Event: 4.739 Loading class java/util/regex/Pattern$1
Event: 4.739 Loading class java/util/regex/Pattern$1 done
Event: 4.753 Loading class java/util/EmptyStackException
Event: 4.753 Loading class java/util/EmptyStackException done
Event: 4.833 Loading class java/io/InvalidClassException
Event: 4.833 Loading class java/io/InvalidClassException done
Event: 4.838 Loading class java/util/ArrayList$ListItr
Event: 4.838 Loading class java/util/ArrayList$ListItr done
Event: 5.201 Loading class java/util/LinkedList$LLSpliterator
Event: 5.202 Loading class java/util/LinkedList$LLSpliterator done
Event: 5.215 Loading class java/util/stream/SortedOps$SizedRefSortingSink
Event: 5.215 Loading class java/util/stream/SortedOps$SizedRefSortingSink done
Event: 5.239 Loading class java/nio/channels/CompletionHandler
Event: 5.239 Loading class java/nio/channels/CompletionHandler done

Classes unloaded (0 events):
No events

Classes redefined (0 events):
No events

Internal exceptions (20 events):
Event: 4.270 Thread 0x000002a86d0daf50 Implicit null exception at 0x000002a807e28033 to 0x000002a807e28184
Event: 4.276 Thread 0x000002a86d0daf50 Exception <a 'java/lang/NoSuchMethodError'{0x00000007070e3f98}: 'int java.lang.invoke.DirectMethodHandle$Holder.invokeStatic(java.lang.Object, int, java.lang.Object)'> (0x00000007070e3f98) 
thrown [s\src\hotspot\share\interpreter\linkResolver.cpp, line 759]
Event: 4.277 Thread 0x000002a86d0daf50 Exception <a 'java/lang/NoSuchMethodError'{0x0000000707105a98}: 'java.lang.Object java.lang.invoke.DirectMethodHandle$Holder.newInvokeSpecial(java.lang.Object, java.lang.Object, java.lang.Object, java.lang.Object, java.lang.Object, int, java.lang.Object)'> (0x0000000707105a98) 
thrown [s\src\hotspot\share\interpreter\linkResolver.cpp, line 759]
Event: 4.279 Thread 0x000002a86d0daf50 Exception <a 'java/lang/NoSuchMethodError'{0x000000070713ef10}: 'java.lang.Object java.lang.invoke.DirectMethodHandle$Holder.newInvokeSpecial(java.lang.Object, java.lang.Object, java.lang.Object, java.lang.Object, java.lang.Object, java.lang.Object, java.lang.Object, java.lang.Object, java.lang.Object, java.lang.Object, java.lang.Object, java.lang.Object)'> (0x000000070713ef10) 
thrown [s\src\hotspot\share\interpreter\linkResolver.cpp, line 759]
Event: 4.280 Thread 0x000002a86d0daf50 Exception <a 'java/lang/NoSuchMethodError'{0x00000007071441a0}: 'java.lang.Object java.lang.invoke.DirectMethodHandle$Holder.invokeSpecial(java.lang.Object, java.lang.Object, java.lang.Object, java.lang.Object, java.lang.Object, java.lang.Object, java.lang.Object, java.lang.Object, java.lang.Object, java.lang.Object, java.lang.Object, java.lang.Object, java.lang.Object)'> (0x00000007071441a0) 
thrown [s\src\hotspot\share\interpreter\linkResolver.cpp, line 759]
Event: 4.280 Thread 0x000002a86d0daf50 Exception <a 'java/lang/NoSuchMethodError'{0x00000007071490b0}: 'java.lang.Object java.lang.invoke.Invokers$Holder.linkToTargetMethod(java.lang.Object, java.lang.Object, java.lang.Object, java.lang.Object, java.lang.Object, java.lang.Object, java.lang.Object, java.lang.Object, java.lang.Object, java.lang.Object, java.lang.Object, java.lang.Object)'> (0x00000007071490b0) 
thrown [s\src\hotspot\share\interpreter\linkResolver.cpp, line 759]
Event: 4.302 Thread 0x000002a86d0daf50 Exception <a 'java/lang/IncompatibleClassChangeError'{0x0000000706efda20}: Found class java.lang.Object, but interface was expected> (0x0000000706efda20) 
thrown [s\src\hotspot\share\interpreter\linkResolver.cpp, line 826]
Event: 4.308 Thread 0x000002a86d0daf50 Exception <a 'java/lang/NoSuchMethodError'{0x0000000706f7f1b8}: 'java.lang.Object java.lang.invoke.DirectMethodHandle$Holder.newInvokeSpecial(java.lang.Object, java.lang.Object, java.lang.Object, java.lang.Object, java.lang.Object, java.lang.Object, java.lang.Object, int)'> (0x0000000706f7f1b8) 
thrown [s\src\hotspot\share\interpreter\linkResolver.cpp, line 759]
Event: 4.308 Thread 0x000002a86d0daf50 Exception <a 'java/lang/NoSuchMethodError'{0x0000000706f849a8}: 'java.lang.Object java.lang.invoke.DirectMethodHandle$Holder.invokeSpecial(java.lang.Object, java.lang.Object, java.lang.Object, java.lang.Object, java.lang.Object, java.lang.Object, java.lang.Object, java.lang.Object, int)'> (0x0000000706f849a8) 
thrown [s\src\hotspot\share\interpreter\linkResolver.cpp, line 759]
Event: 4.308 Thread 0x000002a86d0daf50 Exception <a 'java/lang/NoSuchMethodError'{0x0000000706f89c68}: 'java.lang.Object java.lang.invoke.Invokers$Holder.linkToTargetMethod(java.lang.Object, java.lang.Object, java.lang.Object, java.lang.Object, java.lang.Object, java.lang.Object, int, java.lang.Object)'> (0x0000000706f89c68) 
thrown [s\src\hotspot\share\interpreter\linkResolver.cpp, line 759]
Event: 4.320 Thread 0x000002a86d0daf50 Exception <a 'java/lang/NoSuchMethodError'{0x0000000706c87508}: 'java.lang.Object java.lang.invoke.DirectMethodHandle$Holder.newInvokeSpecial(java.lang.Object, java.lang.Object, int, java.lang.Object, int, java.lang.Object, java.lang.Object)'> (0x0000000706c87508) 
thrown [s\src\hotspot\share\interpreter\linkResolver.cpp, line 759]
Event: 4.493 Thread 0x000002a86d0daf50 Exception <a 'java/lang/IncompatibleClassChangeError'{0x00000007067815f8}: Found class java.lang.Object, but interface was expected> (0x00000007067815f8) 
thrown [s\src\hotspot\share\interpreter\linkResolver.cpp, line 826]
Event: 4.524 Thread 0x000002a86d0daf50 Exception <a 'java/lang/IncompatibleClassChangeError'{0x0000000706536530}: Found class java.lang.Object, but interface was expected> (0x0000000706536530) 
thrown [s\src\hotspot\share\interpreter\linkResolver.cpp, line 826]
Event: 4.533 Thread 0x000002a86d0daf50 Exception <a 'java/lang/NoSuchMethodError'{0x00000007065857d0}: 'java.lang.Object java.lang.invoke.DirectMethodHandle$Holder.invokeSpecialIFC(java.lang.Object, java.lang.Object, java.lang.Object)'> (0x00000007065857d0) 
thrown [s\src\hotspot\share\interpreter\linkResolver.cpp, line 759]
Event: 4.629 Thread 0x000002a86d0daf50 Exception <a 'java/lang/IncompatibleClassChangeError'{0x00000007128d6440}: Found class java.lang.Object, but interface was expected> (0x00000007128d6440) 
thrown [s\src\hotspot\share\interpreter\linkResolver.cpp, line 826]
Event: 4.723 Thread 0x000002a86d0daf50 Exception <a 'java/lang/reflect/InvocationTargetException'{0x0000000708157698}> (0x0000000708157698) 
thrown [s\src\hotspot\share\runtime\reflection.cpp, line 1128]
Event: 5.240 Thread 0x000002a86d0daf50 Exception <a 'java/lang/NoSuchMethodError'{0x00000007071bab60}: 'long java.lang.invoke.DirectMethodHandle$Holder.invokeVirtual(java.lang.Object, java.lang.Object)'> (0x00000007071bab60) 
thrown [s\src\hotspot\share\interpreter\linkResolver.cpp, line 759]
Event: 5.274 Thread 0x000002a86d0daf50 Exception <a 'java/lang/NoSuchMethodError'{0x0000000706f5cc80}: 'void java.lang.invoke.DirectMethodHandle$Holder.invokeVirtual(java.lang.Object, java.lang.Object, long)'> (0x0000000706f5cc80) 
thrown [s\src\hotspot\share\interpreter\linkResolver.cpp, line 759]
Event: 5.302 Thread 0x000002a86d0daf50 Exception <a 'java/lang/IncompatibleClassChangeError'{0x0000000706cc5a30}: Found class java.lang.Object, but interface was expected> (0x0000000706cc5a30) 
thrown [s\src\hotspot\share\interpreter\linkResolver.cpp, line 826]
Event: 5.303 Thread 0x000002a86d0daf50 Exception <a 'java/lang/reflect/InvocationTargetException'{0x0000000706ccc590}> (0x0000000706ccc590) 
thrown [s\src\hotspot\share\runtime\reflection.cpp, line 1128]

VM Operations (20 events):
Event: 4.840 Executing VM operation: HandshakeAllThreads
Event: 4.840 Executing VM operation: HandshakeAllThreads done
Event: 4.900 Executing VM operation: HandshakeAllThreads
Event: 4.900 Executing VM operation: HandshakeAllThreads done
Event: 5.024 Executing VM operation: ICBufferFull
Event: 5.025 Executing VM operation: ICBufferFull done
Event: 5.037 Executing VM operation: G1CollectForAllocation
Event: 5.043 Executing VM operation: G1CollectForAllocation done
Event: 5.211 Executing VM operation: HandshakeAllThreads
Event: 5.211 Executing VM operation: HandshakeAllThreads done
Event: 5.250 Executing VM operation: HandshakeAllThreads
Event: 5.250 Executing VM operation: HandshakeAllThreads done
Event: 5.339 Executing VM operation: G1CollectForAllocation
Event: 5.343 Executing VM operation: G1CollectForAllocation done
Event: 5.484 Executing VM operation: G1CollectForAllocation
Event: 5.488 Executing VM operation: G1CollectForAllocation done
Event: 5.649 Executing VM operation: G1CollectForAllocation
Event: 5.651 Executing VM operation: G1CollectForAllocation done
Event: 5.776 Executing VM operation: G1CollectForAllocation
Event: 5.777 Executing VM operation: G1CollectForAllocation done

Memory protections (0 events):
No events

Nmethod flushes (20 events):
Event: 4.208 Thread 0x000002a87f485720 flushing  nmethod 0x000002a8008c5910
Event: 4.208 Thread 0x000002a87f485720 flushing  nmethod 0x000002a8008c6890
Event: 4.208 Thread 0x000002a87f485720 flushing  nmethod 0x000002a8008d4a10
Event: 4.208 Thread 0x000002a87f485720 flushing  nmethod 0x000002a8008d6490
Event: 4.208 Thread 0x000002a87f485720 flushing  nmethod 0x000002a8008d7010
Event: 4.208 Thread 0x000002a87f485720 flushing  nmethod 0x000002a8008d8190
Event: 4.208 Thread 0x000002a87f485720 flushing  nmethod 0x000002a8008d9090
Event: 4.208 Thread 0x000002a87f485720 flushing  nmethod 0x000002a8008da710
Event: 4.208 Thread 0x000002a87f485720 flushing  nmethod 0x000002a8008db610
Event: 4.208 Thread 0x000002a87f485720 flushing  nmethod 0x000002a8008dba90
Event: 4.208 Thread 0x000002a87f485720 flushing  nmethod 0x000002a8008dce10
Event: 4.208 Thread 0x000002a87f485720 flushing  nmethod 0x000002a8008dd210
Event: 4.208 Thread 0x000002a87f485720 flushing  nmethod 0x000002a8008df190
Event: 4.208 Thread 0x000002a87f485720 flushing osr nmethod 0x000002a8008e9b90
Event: 4.208 Thread 0x000002a87f485720 flushing  nmethod 0x000002a8008ec110
Event: 4.208 Thread 0x000002a87f485720 flushing  nmethod 0x000002a8008efc90
Event: 4.208 Thread 0x000002a87f485720 flushing  nmethod 0x000002a800915a90
Event: 4.208 Thread 0x000002a87f485720 flushing  nmethod 0x000002a800941590
Event: 4.208 Thread 0x000002a87f485720 flushing  nmethod 0x000002a800945390
Event: 4.209 Thread 0x000002a87f485720 flushing  nmethod 0x000002a800973e90

Events (20 events):
Event: 0.027 Thread 0x000002a86d0daf50 Thread added: 0x000002a87f45f980
Event: 0.027 Thread 0x000002a86d0daf50 Thread added: 0x000002a87f461290
Event: 0.027 Thread 0x000002a86d0daf50 Thread added: 0x000002a87f46e8e0
Event: 0.027 Thread 0x000002a86d0daf50 Thread added: 0x000002a87f485720
Event: 0.071 Thread 0x000002a86d0daf50 Thread added: 0x000002a87f5cd610
Event: 0.072 Thread 0x000002a86d0daf50 Thread added: 0x000002a87f5d6360
Event: 0.097 Thread 0x000002a87f46e8e0 Thread added: 0x000002a87f6a3740
Event: 0.252 Thread 0x000002a87f46e8e0 Thread added: 0x000002a8567de900
Event: 0.743 Thread 0x000002a86d0daf50 Thread added: 0x000002a856c3dce0
Event: 1.169 Thread 0x000002a856c3dce0 Thread exited: 0x000002a856c3dce0
Event: 1.230 Thread 0x000002a86d0daf50 Thread added: 0x000002a856c3d2c0
Event: 1.270 Thread 0x000002a856c3d2c0 Thread exited: 0x000002a856c3d2c0
Event: 3.422 Thread 0x000002a86d0daf50 Thread added: 0x000002a856c3ec10
Event: 3.437 Thread 0x000002a86d0daf50 Thread added: 0x000002a856c40560
Event: 3.546 Thread 0x000002a856c40560 Thread added: 0x000002a856c40050
Event: 4.041 Thread 0x000002a8567de900 Thread exited: 0x000002a8567de900
Event: 4.464 Thread 0x000002a87f46e8e0 Thread added: 0x000002a8567e0e30
Event: 5.256 Thread 0x000002a86d0daf50 Thread added: 0x000002a856c3d2c0
Event: 5.257 Thread 0x000002a856c3d2c0 Thread added: 0x000002a856c3d7d0
Event: 5.261 Thread 0x000002a86d0daf50 Thread added: 0x000002a856c3e700


Dynamic libraries:
0x00007ff668ab0000 - 0x00007ff668abe000 	C:\Users\efime\.jdks\ms-17.0.16\bin\java.exe
0x00007ff940bc0000 - 0x00007ff940e28000 	C:\WINDOWS\SYSTEM32\ntdll.dll
0x00007ff93f560000 - 0x00007ff93f629000 	C:\WINDOWS\System32\KERNEL32.DLL
0x00007ff93e0e0000 - 0x00007ff93e4d2000 	C:\WINDOWS\System32\KERNELBASE.dll
0x00007ff93e650000 - 0x00007ff93e79b000 	C:\WINDOWS\System32\ucrtbase.dll
0x00007ff910fa0000 - 0x00007ff910fbe000 	C:\Users\efime\.jdks\ms-17.0.16\bin\VCRUNTIME140.dll
0x00007ff912060000 - 0x00007ff912078000 	C:\Users\efime\.jdks\ms-17.0.16\bin\jli.dll
0x00007ff9409b0000 - 0x00007ff940b75000 	C:\WINDOWS\System32\USER32.dll
0x00007ff922770000 - 0x00007ff922a03000 	C:\WINDOWS\WinSxS\amd64_microsoft.windows.common-controls_6595b64144ccf1df_6.0.26100.6899_none_3e0efeeae32e88c1\COMCTL32.dll
0x00007ff93ddf0000 - 0x00007ff93de17000 	C:\WINDOWS\System32\win32u.dll
0x00007ff93f220000 - 0x00007ff93f24b000 	C:\WINDOWS\System32\GDI32.dll
0x00007ff940420000 - 0x00007ff9404c9000 	C:\WINDOWS\System32\msvcrt.dll
0x00007ff93e860000 - 0x00007ff93e98d000 	C:\WINDOWS\System32\gdi32full.dll
0x00007ff93e030000 - 0x00007ff93e0d3000 	C:\WINDOWS\System32\msvcp_win.dll
0x00007ff93f250000 - 0x00007ff93f27f000 	C:\WINDOWS\System32\IMM32.DLL
0x00007ff936fa0000 - 0x00007ff936fac000 	C:\Users\efime\.jdks\ms-17.0.16\bin\vcruntime140_1.dll
0x00007ff8f8980000 - 0x00007ff8f8a09000 	C:\Users\efime\.jdks\ms-17.0.16\bin\msvcp140.dll
0x00007ff898c50000 - 0x00007ff8998ca000 	C:\Users\efime\.jdks\ms-17.0.16\bin\server\jvm.dll
0x00007ff940140000 - 0x00007ff9401f4000 	C:\WINDOWS\System32\ADVAPI32.dll
0x00007ff940080000 - 0x00007ff940126000 	C:\WINDOWS\System32\sechost.dll
0x00007ff940300000 - 0x00007ff940418000 	C:\WINDOWS\System32\RPCRT4.dll
0x00007ff93e990000 - 0x00007ff93ea04000 	C:\WINDOWS\System32\WS2_32.dll
0x00007ff93da10000 - 0x00007ff93da6e000 	C:\WINDOWS\SYSTEM32\POWRPROF.dll
0x00007ff92ba30000 - 0x00007ff92ba65000 	C:\WINDOWS\SYSTEM32\WINMM.dll
0x00007ff936ff0000 - 0x00007ff936ffb000 	C:\WINDOWS\SYSTEM32\VERSION.dll
0x00007ff93d9f0000 - 0x00007ff93da04000 	C:\WINDOWS\SYSTEM32\UMPDC.dll
0x00007ff93ca80000 - 0x00007ff93ca9b000 	C:\WINDOWS\SYSTEM32\kernel.appcore.dll
0x00007ff933e20000 - 0x00007ff933e2a000 	C:\Users\efime\.jdks\ms-17.0.16\bin\jimage.dll
0x00007ff93b570000 - 0x00007ff93b7b2000 	C:\WINDOWS\SYSTEM32\DBGHELP.DLL
0x00007ff93eab0000 - 0x00007ff93ee2b000 	C:\WINDOWS\System32\combase.dll
0x00007ff93efd0000 - 0x00007ff93f0a7000 	C:\WINDOWS\System32\OLEAUT32.dll
0x00007ff921280000 - 0x00007ff9212bc000 	C:\WINDOWS\SYSTEM32\dbgcore.DLL
0x00007ff93dd50000 - 0x00007ff93dde8000 	C:\WINDOWS\System32\bcryptPrimitives.dll
0x00007ff8f8950000 - 0x00007ff8f8976000 	C:\Users\efime\.jdks\ms-17.0.16\bin\java.dll
0x00007ff8da520000 - 0x00007ff8da5f6000 	C:\Users\efime\.jdks\ms-17.0.16\bin\jsvml.dll
0x00007ff93f7d0000 - 0x00007ff93ff1d000 	C:\WINDOWS\System32\SHELL32.dll
0x00007ff93e4e0000 - 0x00007ff93e64b000 	C:\WINDOWS\System32\wintypes.dll
0x00007ff93b960000 - 0x00007ff93c1bd000 	C:\WINDOWS\SYSTEM32\windows.storage.dll
0x00007ff93ee30000 - 0x00007ff93ef22000 	C:\WINDOWS\System32\SHCORE.dll
0x00007ff93f0b0000 - 0x00007ff93f112000 	C:\WINDOWS\System32\shlwapi.dll
0x00007ff93dc70000 - 0x00007ff93dc99000 	C:\WINDOWS\SYSTEM32\profapi.dll
0x00007ff907f30000 - 0x00007ff907f4b000 	C:\Users\efime\.jdks\ms-17.0.16\bin\net.dll
0x00007ff937000000 - 0x00007ff93711f000 	C:\WINDOWS\SYSTEM32\WINHTTP.dll
0x00007ff93d030000 - 0x00007ff93d09b000 	C:\WINDOWS\system32\mswsock.dll
0x00007ff8e4190000 - 0x00007ff8e41a6000 	C:\Users\efime\.jdks\ms-17.0.16\bin\nio.dll
0x00007ff90e790000 - 0x00007ff90e7a8000 	C:\Users\efime\.jdks\ms-17.0.16\bin\zip.dll
0x00007ff8f5f70000 - 0x00007ff8f5f7e000 	C:\Users\efime\.jdks\ms-17.0.16\bin\sunmscapi.dll
0x00007ff93de20000 - 0x00007ff93df97000 	C:\WINDOWS\System32\CRYPT32.dll
0x00007ff93d560000 - 0x00007ff93d590000 	C:\WINDOWS\SYSTEM32\ncrypt.dll
0x00007ff93d510000 - 0x00007ff93d54f000 	C:\WINDOWS\SYSTEM32\NTASN1.dll
0x00007ff93d410000 - 0x00007ff93d42b000 	C:\WINDOWS\SYSTEM32\CRYPTSP.dll
0x00007ff93ca40000 - 0x00007ff93ca7b000 	C:\WINDOWS\system32\rsaenh.dll
0x00007ff93d0d0000 - 0x00007ff93d0fb000 	C:\WINDOWS\SYSTEM32\USERENV.dll
0x00007ff93dc40000 - 0x00007ff93dc66000 	C:\WINDOWS\SYSTEM32\bcrypt.dll
0x00007ff93d270000 - 0x00007ff93d27c000 	C:\WINDOWS\SYSTEM32\CRYPTBASE.dll
0x00007ff93c4e0000 - 0x00007ff93c514000 	C:\WINDOWS\SYSTEM32\IPHLPAPI.DLL
0x00007ff93eaa0000 - 0x00007ff93eaaa000 	C:\WINDOWS\System32\NSI.dll
0x00007ff937a10000 - 0x00007ff937a2e000 	C:\WINDOWS\SYSTEM32\dhcpcsvc6.DLL
0x00007ff937940000 - 0x00007ff937963000 	C:\WINDOWS\SYSTEM32\dhcpcsvc.DLL
0x00007ff93c570000 - 0x00007ff93c696000 	C:\WINDOWS\SYSTEM32\DNSAPI.dll
0x00007ff8f96c0000 - 0x00007ff8f96ca000 	C:\Users\efime\.jdks\ms-17.0.16\bin\management.dll
0x00007ff8f8890000 - 0x00007ff8f889c000 	C:\Users\efime\.jdks\ms-17.0.16\bin\management_ext.dll
0x00007ff93ef30000 - 0x00007ff93ef38000 	C:\WINDOWS\System32\PSAPI.DLL
0x00007ff8fb470000 - 0x00007ff8fb480000 	C:\Users\efime\.jdks\ms-17.0.16\bin\verify.dll
0x00007ff936700000 - 0x00007ff93670b000 	C:\Windows\System32\rasadhlp.dll
0x00007ff938040000 - 0x00007ff9380c6000 	C:\WINDOWS\System32\fwpuclnt.dll
0x00007ff8f74a0000 - 0x00007ff8f74a9000 	C:\Users\efime\.jdks\ms-17.0.16\bin\extnet.dll

dbghelp: loaded successfully - version: 4.0.5 - missing functions: none
symbol engine: initialized successfully - sym options: 0x614 - pdb path: .;C:\Users\efime\.jdks\ms-17.0.16\bin;C:\WINDOWS\SYSTEM32;C:\WINDOWS\WinSxS\amd64_microsoft.windows.common-controls_6595b64144ccf1df_6.0.26100.6899_none_3e0efeeae32e88c1;C:\Users\efime\.jdks\ms-17.0.16\bin\server

VM Arguments:
jvm_args: -Dfile.encoding=UTF-8 -Duser.country=RU -Duser.language=ru -Duser.variant 
java_command: dev.vorstu.VorstuApplication
java_class_path (initial): D:\Spring\build\classes\java\main;D:\Spring\build\resources\main;C:\Users\efime\.gradle\caches\modules-2\files-2.1\org.springframework.boot\spring-boot-starter-data-jdbc\3.5.6\29885803e16330bc4e84a7405de60bedc153af54\spring-boot-starter-data-jdbc-3.5.6.jar;C:\Users\efime\.gradle\caches\modules-2\files-2.1\org.springframework.boot\spring-boot-starter-data-jpa\3.5.6\ec77fd4b025ff3401e80be68a8a3dfbe45c7dcfa\spring-boot-starter-data-jpa-3.5.6.jar;C:\Users\efime\.gradle\caches\modules-2\files-2.1\org.springframework.boot\spring-boot-starter-data-rest\3.5.6\43ef95ebe2a2716c5690428e309b7c9486fb3850\spring-boot-starter-data-rest-3.5.6.jar;C:\Users\efime\.gradle\caches\modules-2\files-2.1\org.springframework.boot\spring-boot-starter-web\3.5.6\83d6174983b3d6649525a272222af212728a9892\spring-boot-starter-web-3.5.6.jar;C:\Users\efime\.gradle\caches\modules-2\files-2.1\org.springframework.boot\spring-boot-starter-security\3.5.6\f784752820b4e59f1e144e6d208d04fa27da9\spring-boot-starter-security-3.5.6.jar;C:\Users\efime\.gradle\caches\modules-2\files-2.1\io.jsonwebtoken\jjwt-impl\0.12.6\ac23673a84b6089e0369fb8ab2c69edd91cd6eb0\jjwt-impl-0.12.6.jar;C:\Users\efime\.gradle\caches\modules-2\files-2.1\io.jsonwebtoken\jjwt-jackson\0.12.6\f141e0c1136ba17f2632858238a31ae05642dbf8\jjwt-jackson-0.12.6.jar;C:\Users\efime\.gradle\caches\modules-2\files-2.1\io.jsonwebtoken\jjwt-api\0.12.6\478886a888f6add04937baf0361144504a024967\jjwt-api-0.12.6.jar;C:\Users\efime\.gradle\caches\modules-2\files-2.1\org.postgresql\postgresql\42.7.7\67f8093e8d8104c74bbf588392ac3229803f5d17\postgresql-42.7.7.jar;C:\Users\efime\.gradle\caches\modules-2\files-2.1\org.springframework.boot\spring-boot-starter-jdbc\3.5.6\812d2dc9a662d9ab640bea01b383e82d881fc586\spring-boot-starter-jdbc-3.5.6.jar;C:\Users\efime\.gradle\caches\modules-2\files-2.1\org.springframework.data\spring-data-jdbc\3.5.4\fae35ae4bf38e5f80b6ce0f6f21714727b8f3032\spring-data-jdbc-3.5.4.jar;C:\Users\efime\.gradle\caches\mo
Launcher Type: SUN_STANDARD

[Global flags]
     intx CICompilerCount                          = 4                                         {product} {ergonomic}
     uint ConcGCThreads                            = 3                                         {product} {ergonomic}
     uint G1ConcRefinementThreads                  = 10                                        {product} {ergonomic}
   size_t G1HeapRegionSize                         = 2097152                                   {product} {ergonomic}
    uintx GCDrainStackTargetSize                   = 64                                        {product} {ergonomic}
   size_t InitialHeapSize                          = 266338304                                 {product} {ergonomic}
   size_t MarkStackSize                            = 4194304                                   {product} {ergonomic}
   size_t MaxHeapSize                              = 4236247040                                {product} {ergonomic}
   size_t MaxNewSize                               = 2541748224                                {product} {ergonomic}
   size_t MinHeapDeltaBytes                        = 2097152                                   {product} {ergonomic}
   size_t MinHeapSize                              = 8388608                                   {product} {ergonomic}
    uintx NonNMethodCodeHeapSize                   = 5839372                                {pd product} {ergonomic}
    uintx NonProfiledCodeHeapSize                  = 122909434                              {pd product} {ergonomic}
    uintx ProfiledCodeHeapSize                     = 122909434                              {pd product} {ergonomic}
    uintx ReservedCodeCacheSize                    = 251658240                              {pd product} {ergonomic}
     bool SegmentedCodeCache                       = true                                      {product} {ergonomic}
   size_t SoftMaxHeapSize                          = 4236247040                             {manageable} {ergonomic}
     bool UseCompressedClassPointers               = true                           {product lp64_product} {ergonomic}
     bool UseCompressedOops                        = true                           {product lp64_product} {ergonomic}
     bool UseG1GC                                  = true                                      {product} {ergonomic}
     bool UseLargePagesIndividualAllocation        = false                                  {pd product} {ergonomic}

Logging:
Log output configuration:
 #0: stdout all=warning uptime,level,tags
 #1: stderr all=off uptime,level,tags

Environment Variables:
PATH=C:\Program Files\Common Files\Oracle\Java\javapath;C:\Program Files\PostgreSQL\17\bin;C:\WINDOWS;C:\WINDOWS\System32\Wbem;C:\WINDOWS\System32\WindowsPowerShell\v1.0\;C:\WINDOWS\System32\OpenSSH\;C:\Program Files (x86)\NVIDIA Corporation\PhysX\Common;C:\Program Files (x86)\Windows Kits\10\Windows Performance Toolkit\;C:\Program Files\NVIDIA Corporation\NVIDIA app\NvDLISR;C:\Program Files\dotnet\;C:\Windows\System32;%NVM_HOME%;%NVM_SYMLINK%;D:\programs\Git\cmd;C:\Users\efime\AppData\Local\Microsoft\WindowsApps;C:\msys64\ucrt64\bin;C:\msys64\usr\bin;D:\programms\Microsoft VS Code\bin;C:\Users\efime\.dotnet\tools;C:\Users\efime\AppData\Local\nvm;C:\Program Files\nodejs
USERNAME=efime
OS=Windows_NT
PROCESSOR_IDENTIFIER=Intel64 Family 6 Model 154 Stepping 3, GenuineIntel
TMP=C:\Users\efime\AppData\Local\Temp
TEMP=C:\Users\efime\AppData\Local\Temp



Periodic native trim disabled


---------------  S Y S T E M  ---------------

OS:
 Windows 11 , 64 bit Build 26100 (10.0.26100.6725)
OS uptime: 13 days 22:23 hours
Hyper-V role detected

CPU: total 12 (initial active 12) (6 cores per cpu, 2 threads per core) family 6 model 154 stepping 3 microcode 0x424, cx8, cmov, fxsr, ht, mmx, 3dnowpref, sse, sse2, sse3, ssse3, sse4.1, sse4.2, popcnt, lzcnt, tsc, tscinvbit, avx, avx2, aes, erms, clmul, bmi1, bmi2, adx, sha, fma, vzeroupper, clflush, clflushopt, clwb, hv
Processor Information for the first 12 processors :
  Max Mhz: 2000, Current Mhz: 2000, Mhz Limit: 2000

Memory: 4k page, system-wide physical 16155M (1766M free)
TotalPageFile size 26847M (AvailPageFile size 8M)
current process WorkingSet (physical memory assigned to process): 317M, peak: 324M
current process commit charge ("private bytes"): 358M, peak: 421M

vm_info: OpenJDK 64-Bit Server VM (17.0.16+8-LTS) for windows-amd64 JRE (17.0.16+8-LTS), built on Jul 10 2025 00:24:24 by "MicrosoftCorporation" with unknown MS VC++:1944

END.
