#
# There is insufficient memory for the Java Runtime Environment to continue.
# Native memory allocation (malloc) failed to allocate 2123808 bytes. Error detail: Chunk::new
# Possible reasons:
#   The system is out of physical RAM or swap space
#   This process is running with CompressedOops enabled, and the Java Heap may be blocking the growth of the native heap
# Possible solutions:
#   Reduce memory load on the system
#   Increase physical memory or swap space
#   Check if swap backing store is full
#   Decrease Java heap size (-Xmx/-Xms)
#   Decrease number of Java threads
#   Decrease Java thread stack sizes (-Xss)
#   Set larger code cache with -XX:ReservedCodeCacheSize=
#   JVM is running with Zero Based Compressed Oops mode in which the Java heap is
#     placed in the first 32GB address space. The Java Heap base address is the
#     maximum limit for the native heap growth. Please use -XX:HeapBaseMinAddress
#     to set the Java Heap base and to place the Java Heap above 32GB virtual address.
# This output file may be truncated or incomplete.
#
#  Out of Memory Error (arena.cpp:191), pid=33604, tid=9880
#
# JRE version: OpenJDK Runtime Environment Microsoft-11926163 (17.0.16+8) (build 17.0.16+8-LTS)
# Java VM: OpenJDK 64-Bit Server VM Microsoft-11926163 (17.0.16+8-LTS, mixed mode, sharing, tiered, compressed oops, compressed class ptrs, g1 gc, windows-amd64)
# No core dump will be written. Minidumps are not enabled by default on client versions of Windows
#

---------------  S U M M A R Y ------------

Command Line: -Dfile.encoding=UTF-8 -Duser.country=RU -Duser.language=ru -Duser.variant dev.vorstu.VorstuApplication

Host: 12th Gen Intel(R) Core(TM) i5-12450H, 12 cores, 15G,  Windows 11 , 64 bit Build 26100 (10.0.26100.6725)
Time: Fri Nov 14 22:47:38 2025 RTZ 2 (s 11 , 64 bit Build 26100 (10.0.26100.6725) elapsed time: 0.748142 seconds (0d 0h 0m 0s)

---------------  T H R E A D  ---------------

Current thread (0x000001b2494d8310):  JavaThread "C2 CompilerThread0" daemon [_thread_in_native, id=9880, stack(0x0000001750e00000,0x0000001750f00000)]


Current CompileTask:
C2:    748 1426       4       org.springframework.boot.context.config.ConfigDataEnvironmentContributor$ContributorIterator::fetchIfNecessary (153 bytes)

Stack: [0x0000001750e00000,0x0000001750f00000]
Native frames: (J=compiled Java code, j=interpreted, Vv=VM code, C=native code)
V  [jvm.dll+0x68ee19]
V  [jvm.dll+0x846249]
V  [jvm.dll+0x847fb8]
V  [jvm.dll+0x848643]
V  [jvm.dll+0x24cf6f]
V  [jvm.dll+0xaecb6]
V  [jvm.dll+0xaf35c]
V  [jvm.dll+0x37139e]
V  [jvm.dll+0x33b7a5]
V  [jvm.dll+0x33ac0a]
V  [jvm.dll+0x21df29]
V  [jvm.dll+0x21d36d]
V  [jvm.dll+0x1a8ce6]
V  [jvm.dll+0x22db1b]
V  [jvm.dll+0x22bca6]
V  [jvm.dll+0x7fba9b]
V  [jvm.dll+0x7f5e9c]
V  [jvm.dll+0x68dd27]
C  [ucrtbase.dll+0x37b0]
C  [KERNEL32.DLL+0x2e8d7]
C  [ntdll.dll+0x8c53c]


---------------  P R O C E S S  ---------------

Threads class SMR info:
_java_thread_list=0x000001b28f5b14e0, length=14, elements={
0x000001b22614adc0, 0x000001b2494b7e90, 0x000001b2494b8660, 0x000001b2494d02d0,
0x000001b2494d29b0, 0x000001b2494d2f80, 0x000001b2494d7960, 0x000001b2494d8310,
0x000001b2494e4a00, 0x000001b2494e5f30, 0x000001b2496105f0, 0x000001b2496297f0,
0x000001b2496622b0, 0x000001b28f0e16e0
}

Java Threads: ( => current thread )
  0x000001b22614adc0 JavaThread "main" [_thread_blocked, id=23740, stack(0x0000001750100000,0x0000001750200000)]
  0x000001b2494b7e90 JavaThread "Reference Handler" daemon [_thread_blocked, id=30016, stack(0x0000001750800000,0x0000001750900000)]
  0x000001b2494b8660 JavaThread "Finalizer" daemon [_thread_blocked, id=12408, stack(0x0000001750900000,0x0000001750a00000)]
  0x000001b2494d02d0 JavaThread "Signal Dispatcher" daemon [_thread_blocked, id=30628, stack(0x0000001750a00000,0x0000001750b00000)]
  0x000001b2494d29b0 JavaThread "Attach Listener" daemon [_thread_blocked, id=32620, stack(0x0000001750b00000,0x0000001750c00000)]
  0x000001b2494d2f80 JavaThread "Service Thread" daemon [_thread_blocked, id=4268, stack(0x0000001750c00000,0x0000001750d00000)]
  0x000001b2494d7960 JavaThread "Monitor Deflation Thread" daemon [_thread_blocked, id=23992, stack(0x0000001750d00000,0x0000001750e00000)]
=>0x000001b2494d8310 JavaThread "C2 CompilerThread0" daemon [_thread_in_native, id=9880, stack(0x0000001750e00000,0x0000001750f00000)]
  0x000001b2494e4a00 JavaThread "C1 CompilerThread0" daemon [_thread_in_native, id=29376, stack(0x0000001750f00000,0x0000001751000000)]
  0x000001b2494e5f30 JavaThread "Sweeper thread" daemon [_thread_blocked, id=9384, stack(0x0000001751000000,0x0000001751100000)]
  0x000001b2496105f0 JavaThread "Notification Thread" daemon [_thread_blocked, id=23724, stack(0x0000001751100000,0x0000001751200000)]
  0x000001b2496297f0 JavaThread "Common-Cleaner" daemon [_thread_blocked, id=13520, stack(0x0000001751300000,0x0000001751400000)]
  0x000001b2496622b0 JavaThread "C2 CompilerThread1" daemon [_thread_blocked, id=2484, stack(0x0000001751400000,0x0000001751500000)]
  0x000001b28f0e16e0 JavaThread "C2 CompilerThread2" daemon [_thread_in_native, id=22784, stack(0x0000001751500000,0x0000001751600000)]

Other Threads:
  0x000001b2494ab540 VMThread "VM Thread" [stack: 0x0000001750700000,0x0000001750800000] [id=29768]
  0x000001b2496110e0 WatcherThread [stack: 0x0000001751200000,0x0000001751300000] [id=30780]
  0x000001b2261b7c60 GCTaskThread "GC Thread#0" [stack: 0x0000001750200000,0x0000001750300000] [id=13428]
  0x000001b28f4e0560 GCTaskThread "GC Thread#1" [stack: 0x0000001751600000,0x0000001751700000] [id=32948]
  0x000001b28f4e0820 GCTaskThread "GC Thread#2" [stack: 0x0000001751700000,0x0000001751800000] [id=33268]
  0x000001b28f4e0ae0 GCTaskThread "GC Thread#3" [stack: 0x0000001751800000,0x0000001751900000] [id=29356]
  0x000001b28fbeb030 GCTaskThread "GC Thread#4" [stack: 0x0000001751900000,0x0000001751a00000] [id=24360]
  0x000001b28fbeb2f0 GCTaskThread "GC Thread#5" [stack: 0x0000001751a00000,0x0000001751b00000] [id=20220]
  0x000001b2261c8990 ConcurrentGCThread "G1 Main Marker" [stack: 0x0000001750300000,0x0000001750400000] [id=6020]
  0x000001b2261c9f20 ConcurrentGCThread "G1 Conc#0" [stack: 0x0000001750400000,0x0000001750500000] [id=8852]
  0x000001b2490331d0 ConcurrentGCThread "G1 Refine#0" [stack: 0x0000001750500000,0x0000001750600000] [id=29948]
  0x000001b2490346c0 ConcurrentGCThread "G1 Service" [stack: 0x0000001750600000,0x0000001750700000] [id=15064]

Threads with active compile tasks:
C2 CompilerThread0      763 1426       4       org.springframework.boot.context.config.ConfigDataEnvironmentContributor$ContributorIterator::fetchIfNecessary (153 bytes)
C2 CompilerThread2      763 1511       4       jdk.internal.org.objectweb.asm.Frame::execute (2305 bytes)

VM state: not at safepoint (normal execution)

VM Mutex/Monitor currently owned by a thread: None

Heap address: 0x0000000703800000, size: 4040 MB, Compressed Oops mode: Zero based, Oop shift amount: 3

CDS archive(s) mapped at: [0x000001b24a000000-0x000001b24abb0000-0x000001b24abb0000), size 12255232, SharedBaseAddress: 0x000001b24a000000, ArchiveRelocationMode: 1.
Compressed class space mapped at: 0x000001b24b000000-0x000001b28b000000, reserved size: 1073741824
Narrow klass base: 0x000001b24a000000, Narrow klass shift: 0, Narrow klass range: 0x100000000

GC Precious Log:
 CPUs: 12 total, 12 available
 Memory: 16155M
 Large Page Support: Disabled
 NUMA Support: Disabled
 Compressed Oops: Enabled (Zero based)
 Heap Region Size: 2M
 Heap Min Capacity: 8M
 Heap Initial Capacity: 254M
 Heap Max Capacity: 4040M
 Pre-touch: Disabled
 Parallel Workers: 10
 Concurrent Workers: 3
 Concurrent Refinement Workers: 10
 Periodic GC: Disabled

Heap:
 garbage-first heap   total 260096K, used 18070K [0x0000000703800000, 0x0000000800000000)
  region size 2048K, 8 young (16384K), 2 survivors (4096K)
 Metaspace       used 7718K, committed 7936K, reserved 1114112K
  class space    used 1009K, committed 1088K, reserved 1048576K

Heap Regions: E=young(eden), S=young(survivor), O=old, HS=humongous(starts), HC=humongous(continues), CS=collection set, F=free, OA=open archive, CA=closed archive, TAMS=top-at-mark-start (previous, next)
|   0|0x0000000703800000, 0x0000000703a00000, 0x0000000703a00000|100%| O|  |TAMS 0x0000000703800000, 0x0000000703800000| Untracked 
|   1|0x0000000703a00000, 0x0000000703ba5800, 0x0000000703c00000| 82%| O|  |TAMS 0x0000000703a00000, 0x0000000703a00000| Untracked 
|   2|0x0000000703c00000, 0x0000000703c00000, 0x0000000703e00000|  0%| F|  |TAMS 0x0000000703c00000, 0x0000000703c00000| Untracked 
|   3|0x0000000703e00000, 0x0000000703e00000, 0x0000000704000000|  0%| F|  |TAMS 0x0000000703e00000, 0x0000000703e00000| Untracked 
|   4|0x0000000704000000, 0x0000000704000000, 0x0000000704200000|  0%| F|  |TAMS 0x0000000704000000, 0x0000000704000000| Untracked 
|   5|0x0000000704200000, 0x0000000704200000, 0x0000000704400000|  0%| F|  |TAMS 0x0000000704200000, 0x0000000704200000| Untracked 
|   6|0x0000000704400000, 0x0000000704400000, 0x0000000704600000|  0%| F|  |TAMS 0x0000000704400000, 0x0000000704400000| Untracked 
|   7|0x0000000704600000, 0x0000000704600000, 0x0000000704800000|  0%| F|  |TAMS 0x0000000704600000, 0x0000000704600000| Untracked 
|   8|0x0000000704800000, 0x0000000704800000, 0x0000000704a00000|  0%| F|  |TAMS 0x0000000704800000, 0x0000000704800000| Untracked 
|   9|0x0000000704a00000, 0x0000000704a00000, 0x0000000704c00000|  0%| F|  |TAMS 0x0000000704a00000, 0x0000000704a00000| Untracked 
|  10|0x0000000704c00000, 0x0000000704c00000, 0x0000000704e00000|  0%| F|  |TAMS 0x0000000704c00000, 0x0000000704c00000| Untracked 
|  11|0x0000000704e00000, 0x0000000704e00000, 0x0000000705000000|  0%| F|  |TAMS 0x0000000704e00000, 0x0000000704e00000| Untracked 
|  12|0x0000000705000000, 0x0000000705000000, 0x0000000705200000|  0%| F|  |TAMS 0x0000000705000000, 0x0000000705000000| Untracked 
|  13|0x0000000705200000, 0x0000000705200000, 0x0000000705400000|  0%| F|  |TAMS 0x0000000705200000, 0x0000000705200000| Untracked 
|  14|0x0000000705400000, 0x0000000705400000, 0x0000000705600000|  0%| F|  |TAMS 0x0000000705400000, 0x0000000705400000| Untracked 
|  15|0x0000000705600000, 0x0000000705600000, 0x0000000705800000|  0%| F|  |TAMS 0x0000000705600000, 0x0000000705600000| Untracked 
|  16|0x0000000705800000, 0x0000000705800000, 0x0000000705a00000|  0%| F|  |TAMS 0x0000000705800000, 0x0000000705800000| Untracked 
|  17|0x0000000705a00000, 0x0000000705a00000, 0x0000000705c00000|  0%| F|  |TAMS 0x0000000705a00000, 0x0000000705a00000| Untracked 
|  18|0x0000000705c00000, 0x0000000705c00000, 0x0000000705e00000|  0%| F|  |TAMS 0x0000000705c00000, 0x0000000705c00000| Untracked 
|  19|0x0000000705e00000, 0x0000000705e00000, 0x0000000706000000|  0%| F|  |TAMS 0x0000000705e00000, 0x0000000705e00000| Untracked 
|  20|0x0000000706000000, 0x0000000706000000, 0x0000000706200000|  0%| F|  |TAMS 0x0000000706000000, 0x0000000706000000| Untracked 
|  21|0x0000000706200000, 0x0000000706200000, 0x0000000706400000|  0%| F|  |TAMS 0x0000000706200000, 0x0000000706200000| Untracked 
|  22|0x0000000706400000, 0x0000000706400000, 0x0000000706600000|  0%| F|  |TAMS 0x0000000706400000, 0x0000000706400000| Untracked 
|  23|0x0000000706600000, 0x0000000706600000, 0x0000000706800000|  0%| F|  |TAMS 0x0000000706600000, 0x0000000706600000| Untracked 
|  24|0x0000000706800000, 0x0000000706800000, 0x0000000706a00000|  0%| F|  |TAMS 0x0000000706800000, 0x0000000706800000| Untracked 
|  25|0x0000000706a00000, 0x0000000706a00000, 0x0000000706c00000|  0%| F|  |TAMS 0x0000000706a00000, 0x0000000706a00000| Untracked 
|  26|0x0000000706c00000, 0x0000000706c00000, 0x0000000706e00000|  0%| F|  |TAMS 0x0000000706c00000, 0x0000000706c00000| Untracked 
|  27|0x0000000706e00000, 0x0000000706e00000, 0x0000000707000000|  0%| F|  |TAMS 0x0000000706e00000, 0x0000000706e00000| Untracked 
|  28|0x0000000707000000, 0x0000000707000000, 0x0000000707200000|  0%| F|  |TAMS 0x0000000707000000, 0x0000000707000000| Untracked 
|  29|0x0000000707200000, 0x0000000707200000, 0x0000000707400000|  0%| F|  |TAMS 0x0000000707200000, 0x0000000707200000| Untracked 
|  30|0x0000000707400000, 0x0000000707400000, 0x0000000707600000|  0%| F|  |TAMS 0x0000000707400000, 0x0000000707400000| Untracked 
|  31|0x0000000707600000, 0x0000000707600000, 0x0000000707800000|  0%| F|  |TAMS 0x0000000707600000, 0x0000000707600000| Untracked 
|  32|0x0000000707800000, 0x0000000707800000, 0x0000000707a00000|  0%| F|  |TAMS 0x0000000707800000, 0x0000000707800000| Untracked 
|  33|0x0000000707a00000, 0x0000000707a00000, 0x0000000707c00000|  0%| F|  |TAMS 0x0000000707a00000, 0x0000000707a00000| Untracked 
|  34|0x0000000707c00000, 0x0000000707c00000, 0x0000000707e00000|  0%| F|  |TAMS 0x0000000707c00000, 0x0000000707c00000| Untracked 
|  35|0x0000000707e00000, 0x0000000707e00000, 0x0000000708000000|  0%| F|  |TAMS 0x0000000707e00000, 0x0000000707e00000| Untracked 
|  36|0x0000000708000000, 0x0000000708000000, 0x0000000708200000|  0%| F|  |TAMS 0x0000000708000000, 0x0000000708000000| Untracked 
|  37|0x0000000708200000, 0x0000000708200000, 0x0000000708400000|  0%| F|  |TAMS 0x0000000708200000, 0x0000000708200000| Untracked 
|  38|0x0000000708400000, 0x0000000708400000, 0x0000000708600000|  0%| F|  |TAMS 0x0000000708400000, 0x0000000708400000| Untracked 
|  39|0x0000000708600000, 0x0000000708600000, 0x0000000708800000|  0%| F|  |TAMS 0x0000000708600000, 0x0000000708600000| Untracked 
|  40|0x0000000708800000, 0x0000000708800000, 0x0000000708a00000|  0%| F|  |TAMS 0x0000000708800000, 0x0000000708800000| Untracked 
|  41|0x0000000708a00000, 0x0000000708a00000, 0x0000000708c00000|  0%| F|  |TAMS 0x0000000708a00000, 0x0000000708a00000| Untracked 
|  42|0x0000000708c00000, 0x0000000708c00000, 0x0000000708e00000|  0%| F|  |TAMS 0x0000000708c00000, 0x0000000708c00000| Untracked 
|  43|0x0000000708e00000, 0x0000000708e00000, 0x0000000709000000|  0%| F|  |TAMS 0x0000000708e00000, 0x0000000708e00000| Untracked 
|  44|0x0000000709000000, 0x0000000709000000, 0x0000000709200000|  0%| F|  |TAMS 0x0000000709000000, 0x0000000709000000| Untracked 
|  45|0x0000000709200000, 0x0000000709200000, 0x0000000709400000|  0%| F|  |TAMS 0x0000000709200000, 0x0000000709200000| Untracked 
|  46|0x0000000709400000, 0x0000000709400000, 0x0000000709600000|  0%| F|  |TAMS 0x0000000709400000, 0x0000000709400000| Untracked 
|  47|0x0000000709600000, 0x0000000709600000, 0x0000000709800000|  0%| F|  |TAMS 0x0000000709600000, 0x0000000709600000| Untracked 
|  48|0x0000000709800000, 0x0000000709800000, 0x0000000709a00000|  0%| F|  |TAMS 0x0000000709800000, 0x0000000709800000| Untracked 
|  49|0x0000000709a00000, 0x0000000709a00000, 0x0000000709c00000|  0%| F|  |TAMS 0x0000000709a00000, 0x0000000709a00000| Untracked 
|  50|0x0000000709c00000, 0x0000000709c00000, 0x0000000709e00000|  0%| F|  |TAMS 0x0000000709c00000, 0x0000000709c00000| Untracked 
|  51|0x0000000709e00000, 0x0000000709e00000, 0x000000070a000000|  0%| F|  |TAMS 0x0000000709e00000, 0x0000000709e00000| Untracked 
|  52|0x000000070a000000, 0x000000070a000000, 0x000000070a200000|  0%| F|  |TAMS 0x000000070a000000, 0x000000070a000000| Untracked 
|  53|0x000000070a200000, 0x000000070a200000, 0x000000070a400000|  0%| F|  |TAMS 0x000000070a200000, 0x000000070a200000| Untracked 
|  54|0x000000070a400000, 0x000000070a400000, 0x000000070a600000|  0%| F|  |TAMS 0x000000070a400000, 0x000000070a400000| Untracked 
|  55|0x000000070a600000, 0x000000070a600000, 0x000000070a800000|  0%| F|  |TAMS 0x000000070a600000, 0x000000070a600000| Untracked 
|  56|0x000000070a800000, 0x000000070a800000, 0x000000070aa00000|  0%| F|  |TAMS 0x000000070a800000, 0x000000070a800000| Untracked 
|  57|0x000000070aa00000, 0x000000070aa00000, 0x000000070ac00000|  0%| F|  |TAMS 0x000000070aa00000, 0x000000070aa00000| Untracked 
|  58|0x000000070ac00000, 0x000000070ac00000, 0x000000070ae00000|  0%| F|  |TAMS 0x000000070ac00000, 0x000000070ac00000| Untracked 
|  59|0x000000070ae00000, 0x000000070ae00000, 0x000000070b000000|  0%| F|  |TAMS 0x000000070ae00000, 0x000000070ae00000| Untracked 
|  60|0x000000070b000000, 0x000000070b000000, 0x000000070b200000|  0%| F|  |TAMS 0x000000070b000000, 0x000000070b000000| Untracked 
|  61|0x000000070b200000, 0x000000070b200000, 0x000000070b400000|  0%| F|  |TAMS 0x000000070b200000, 0x000000070b200000| Untracked 
|  62|0x000000070b400000, 0x000000070b400000, 0x000000070b600000|  0%| F|  |TAMS 0x000000070b400000, 0x000000070b400000| Untracked 
|  63|0x000000070b600000, 0x000000070b600000, 0x000000070b800000|  0%| F|  |TAMS 0x000000070b600000, 0x000000070b600000| Untracked 
|  64|0x000000070b800000, 0x000000070b800000, 0x000000070ba00000|  0%| F|  |TAMS 0x000000070b800000, 0x000000070b800000| Untracked 
|  65|0x000000070ba00000, 0x000000070ba00000, 0x000000070bc00000|  0%| F|  |TAMS 0x000000070ba00000, 0x000000070ba00000| Untracked 
|  66|0x000000070bc00000, 0x000000070bc00000, 0x000000070be00000|  0%| F|  |TAMS 0x000000070bc00000, 0x000000070bc00000| Untracked 
|  67|0x000000070be00000, 0x000000070be00000, 0x000000070c000000|  0%| F|  |TAMS 0x000000070be00000, 0x000000070be00000| Untracked 
|  68|0x000000070c000000, 0x000000070c000000, 0x000000070c200000|  0%| F|  |TAMS 0x000000070c000000, 0x000000070c000000| Untracked 
|  69|0x000000070c200000, 0x000000070c200000, 0x000000070c400000|  0%| F|  |TAMS 0x000000070c200000, 0x000000070c200000| Untracked 
|  70|0x000000070c400000, 0x000000070c400000, 0x000000070c600000|  0%| F|  |TAMS 0x000000070c400000, 0x000000070c400000| Untracked 
|  71|0x000000070c600000, 0x000000070c600000, 0x000000070c800000|  0%| F|  |TAMS 0x000000070c600000, 0x000000070c600000| Untracked 
|  72|0x000000070c800000, 0x000000070c800000, 0x000000070ca00000|  0%| F|  |TAMS 0x000000070c800000, 0x000000070c800000| Untracked 
|  73|0x000000070ca00000, 0x000000070ca00000, 0x000000070cc00000|  0%| F|  |TAMS 0x000000070ca00000, 0x000000070ca00000| Untracked 
|  74|0x000000070cc00000, 0x000000070cc00000, 0x000000070ce00000|  0%| F|  |TAMS 0x000000070cc00000, 0x000000070cc00000| Untracked 
|  75|0x000000070ce00000, 0x000000070ce00000, 0x000000070d000000|  0%| F|  |TAMS 0x000000070ce00000, 0x000000070ce00000| Untracked 
|  76|0x000000070d000000, 0x000000070d000000, 0x000000070d200000|  0%| F|  |TAMS 0x000000070d000000, 0x000000070d000000| Untracked 
|  77|0x000000070d200000, 0x000000070d200000, 0x000000070d400000|  0%| F|  |TAMS 0x000000070d200000, 0x000000070d200000| Untracked 
|  78|0x000000070d400000, 0x000000070d400000, 0x000000070d600000|  0%| F|  |TAMS 0x000000070d400000, 0x000000070d400000| Untracked 
|  79|0x000000070d600000, 0x000000070d600000, 0x000000070d800000|  0%| F|  |TAMS 0x000000070d600000, 0x000000070d600000| Untracked 
|  80|0x000000070d800000, 0x000000070d800000, 0x000000070da00000|  0%| F|  |TAMS 0x000000070d800000, 0x000000070d800000| Untracked 
|  81|0x000000070da00000, 0x000000070da00000, 0x000000070dc00000|  0%| F|  |TAMS 0x000000070da00000, 0x000000070da00000| Untracked 
|  82|0x000000070dc00000, 0x000000070dc00000, 0x000000070de00000|  0%| F|  |TAMS 0x000000070dc00000, 0x000000070dc00000| Untracked 
|  83|0x000000070de00000, 0x000000070de00000, 0x000000070e000000|  0%| F|  |TAMS 0x000000070de00000, 0x000000070de00000| Untracked 
|  84|0x000000070e000000, 0x000000070e000000, 0x000000070e200000|  0%| F|  |TAMS 0x000000070e000000, 0x000000070e000000| Untracked 
|  85|0x000000070e200000, 0x000000070e200000, 0x000000070e400000|  0%| F|  |TAMS 0x000000070e200000, 0x000000070e200000| Untracked 
|  86|0x000000070e400000, 0x000000070e400000, 0x000000070e600000|  0%| F|  |TAMS 0x000000070e400000, 0x000000070e400000| Untracked 
|  87|0x000000070e600000, 0x000000070e600000, 0x000000070e800000|  0%| F|  |TAMS 0x000000070e600000, 0x000000070e600000| Untracked 
|  88|0x000000070e800000, 0x000000070e800000, 0x000000070ea00000|  0%| F|  |TAMS 0x000000070e800000, 0x000000070e800000| Untracked 
|  89|0x000000070ea00000, 0x000000070ea00000, 0x000000070ec00000|  0%| F|  |TAMS 0x000000070ea00000, 0x000000070ea00000| Untracked 
|  90|0x000000070ec00000, 0x000000070ec00000, 0x000000070ee00000|  0%| F|  |TAMS 0x000000070ec00000, 0x000000070ec00000| Untracked 
|  91|0x000000070ee00000, 0x000000070ee00000, 0x000000070f000000|  0%| F|  |TAMS 0x000000070ee00000, 0x000000070ee00000| Untracked 
|  92|0x000000070f000000, 0x000000070f000000, 0x000000070f200000|  0%| F|  |TAMS 0x000000070f000000, 0x000000070f000000| Untracked 
|  93|0x000000070f200000, 0x000000070f200000, 0x000000070f400000|  0%| F|  |TAMS 0x000000070f200000, 0x000000070f200000| Untracked 
|  94|0x000000070f400000, 0x000000070f400000, 0x000000070f600000|  0%| F|  |TAMS 0x000000070f400000, 0x000000070f400000| Untracked 
|  95|0x000000070f600000, 0x000000070f600000, 0x000000070f800000|  0%| F|  |TAMS 0x000000070f600000, 0x000000070f600000| Untracked 
|  96|0x000000070f800000, 0x000000070f800000, 0x000000070fa00000|  0%| F|  |TAMS 0x000000070f800000, 0x000000070f800000| Untracked 
|  97|0x000000070fa00000, 0x000000070fa00000, 0x000000070fc00000|  0%| F|  |TAMS 0x000000070fa00000, 0x000000070fa00000| Untracked 
|  98|0x000000070fc00000, 0x000000070fc00000, 0x000000070fe00000|  0%| F|  |TAMS 0x000000070fc00000, 0x000000070fc00000| Untracked 
|  99|0x000000070fe00000, 0x000000070fe00000, 0x0000000710000000|  0%| F|  |TAMS 0x000000070fe00000, 0x000000070fe00000| Untracked 
| 100|0x0000000710000000, 0x0000000710000000, 0x0000000710200000|  0%| F|  |TAMS 0x0000000710000000, 0x0000000710000000| Untracked 
| 101|0x0000000710200000, 0x0000000710200000, 0x0000000710400000|  0%| F|  |TAMS 0x0000000710200000, 0x0000000710200000| Untracked 
| 102|0x0000000710400000, 0x0000000710400000, 0x0000000710600000|  0%| F|  |TAMS 0x0000000710400000, 0x0000000710400000| Untracked 
| 103|0x0000000710600000, 0x0000000710600000, 0x0000000710800000|  0%| F|  |TAMS 0x0000000710600000, 0x0000000710600000| Untracked 
| 104|0x0000000710800000, 0x0000000710800000, 0x0000000710a00000|  0%| F|  |TAMS 0x0000000710800000, 0x0000000710800000| Untracked 
| 105|0x0000000710a00000, 0x0000000710a00000, 0x0000000710c00000|  0%| F|  |TAMS 0x0000000710a00000, 0x0000000710a00000| Untracked 
| 106|0x0000000710c00000, 0x0000000710c00000, 0x0000000710e00000|  0%| F|  |TAMS 0x0000000710c00000, 0x0000000710c00000| Untracked 
| 107|0x0000000710e00000, 0x0000000710e00000, 0x0000000711000000|  0%| F|  |TAMS 0x0000000710e00000, 0x0000000710e00000| Untracked 
| 108|0x0000000711000000, 0x0000000711000000, 0x0000000711200000|  0%| F|  |TAMS 0x0000000711000000, 0x0000000711000000| Untracked 
| 109|0x0000000711200000, 0x0000000711200000, 0x0000000711400000|  0%| F|  |TAMS 0x0000000711200000, 0x0000000711200000| Untracked 
| 110|0x0000000711400000, 0x0000000711400000, 0x0000000711600000|  0%| F|  |TAMS 0x0000000711400000, 0x0000000711400000| Untracked 
| 111|0x0000000711600000, 0x0000000711600000, 0x0000000711800000|  0%| F|  |TAMS 0x0000000711600000, 0x0000000711600000| Untracked 
| 112|0x0000000711800000, 0x0000000711800000, 0x0000000711a00000|  0%| F|  |TAMS 0x0000000711800000, 0x0000000711800000| Untracked 
| 113|0x0000000711a00000, 0x0000000711a00000, 0x0000000711c00000|  0%| F|  |TAMS 0x0000000711a00000, 0x0000000711a00000| Untracked 
| 114|0x0000000711c00000, 0x0000000711e00000, 0x0000000711e00000|100%| S|CS|TAMS 0x0000000711c00000, 0x0000000711c00000| Complete 
| 115|0x0000000711e00000, 0x0000000712000000, 0x0000000712000000|100%| S|CS|TAMS 0x0000000711e00000, 0x0000000711e00000| Complete 
| 116|0x0000000712000000, 0x0000000712000000, 0x0000000712200000|  0%| F|  |TAMS 0x0000000712000000, 0x0000000712000000| Untracked 
| 117|0x0000000712200000, 0x0000000712200000, 0x0000000712400000|  0%| F|  |TAMS 0x0000000712200000, 0x0000000712200000| Untracked 
| 118|0x0000000712400000, 0x0000000712400000, 0x0000000712600000|  0%| F|  |TAMS 0x0000000712400000, 0x0000000712400000| Untracked 
| 119|0x0000000712600000, 0x0000000712600000, 0x0000000712800000|  0%| F|  |TAMS 0x0000000712600000, 0x0000000712600000| Untracked 
| 120|0x0000000712800000, 0x0000000712800000, 0x0000000712a00000|  0%| F|  |TAMS 0x0000000712800000, 0x0000000712800000| Untracked 
| 121|0x0000000712a00000, 0x0000000712bba098, 0x0000000712c00000| 86%| E|  |TAMS 0x0000000712a00000, 0x0000000712a00000| Complete 
| 122|0x0000000712c00000, 0x0000000712e00000, 0x0000000712e00000|100%| E|CS|TAMS 0x0000000712c00000, 0x0000000712c00000| Complete 
| 123|0x0000000712e00000, 0x0000000713000000, 0x0000000713000000|100%| E|CS|TAMS 0x0000000712e00000, 0x0000000712e00000| Complete 
| 124|0x0000000713000000, 0x0000000713200000, 0x0000000713200000|100%| E|CS|TAMS 0x0000000713000000, 0x0000000713000000| Complete 
| 125|0x0000000713200000, 0x0000000713400000, 0x0000000713400000|100%| E|CS|TAMS 0x0000000713200000, 0x0000000713200000| Complete 
| 126|0x0000000713400000, 0x0000000713600000, 0x0000000713600000|100%| E|CS|TAMS 0x0000000713400000, 0x0000000713400000| Complete 

Card table byte_map: [0x000001b23d9d0000,0x000001b23e1c0000] _byte_map_base: 0x000001b23a1b4000

Marking Bits (Prev, Next): (CMBitMap*) 0x000001b2261b8280, (CMBitMap*) 0x000001b2261b82c0
 Prev Bits: [0x000001b23e9b0000, 0x000001b2428d0000)
 Next Bits: [0x000001b2428d0000, 0x000001b2467f0000)

Polling page: 0x000001b223f40000

Metaspace:

Usage:
  Non-class:      6.56 MB used.
      Class:   1014.78 KB used.
       Both:      7.55 MB used.

Virtual space:
  Non-class space:       64.00 MB reserved,       6.69 MB ( 10%) committed,  1 nodes.
      Class space:        1.00 GB reserved,       1.12 MB ( <1%) committed,  1 nodes.
             Both:        1.06 GB reserved,       7.81 MB ( <1%) committed. 

Chunk freelists:
   Non-Class:  7.89 MB
       Class:  14.92 MB
        Both:  22.81 MB

MaxMetaspaceSize: unlimited
CompressedClassSpaceSize: 1.00 GB
Initial GC threshold: 21.00 MB
Current GC threshold: 21.00 MB
CDS: on
MetaspaceReclaimPolicy: balanced
 - commit_granule_bytes: 65536.
 - commit_granule_words: 8192.
 - virtual_space_node_default_size: 8388608.
 - enlarge_chunks_in_place: 1.
 - new_chunks_are_fully_committed: 0.
 - uncommit_free_chunks: 1.
 - use_allocation_guard: 0.
 - handle_deallocations: 1.


Internal statistics:

num_allocs_failed_limit: 0.
num_arena_births: 304.
num_arena_deaths: 0.
num_vsnodes_births: 2.
num_vsnodes_deaths: 0.
num_space_committed: 125.
num_space_uncommitted: 0.
num_chunks_returned_to_freelist: 0.
num_chunks_taken_from_freelist: 593.
num_chunk_merges: 0.
num_chunk_splits: 369.
num_chunks_enlarged: 244.
num_inconsistent_stats: 0.

CodeHeap 'non-profiled nmethods': size=120000Kb used=622Kb max_used=622Kb free=119377Kb
 bounds [0x000001b235760000, 0x000001b2359d0000, 0x000001b23cc90000]
CodeHeap 'profiled nmethods': size=120000Kb used=2759Kb max_used=2759Kb free=117240Kb
 bounds [0x000001b22dc90000, 0x000001b22df50000, 0x000001b2351c0000]
CodeHeap 'non-nmethods': size=5760Kb used=1155Kb max_used=1186Kb free=4604Kb
 bounds [0x000001b2351c0000, 0x000001b235430000, 0x000001b235760000]
 total_blobs=2015 nmethods=1571 adapters=357
 compilation: enabled
              stopped_count=0, restarted_count=0
 full_count=0

Compilation events (20 events):
Event: 0.729 Thread 0x000001b2494e4a00 nmethod 1542 0x000001b22df2cc10 code [0x000001b22df2cdc0, 0x000001b22df2cf08]
Event: 0.730 Thread 0x000001b2496622b0 nmethod 1434 0x000001b2357f5410 code [0x000001b2357f57a0, 0x000001b2357f8d48]
Event: 0.731 Thread 0x000001b2496622b0 1512       4       java.util.ImmutableCollections$ListN::get (7 bytes)
Event: 0.731 Thread 0x000001b2494e4a00 1543       3       java.lang.invoke.MethodHandleNatives::linkCallSite (66 bytes)
Event: 0.731 Thread 0x000001b2494e4a00 nmethod 1543 0x000001b22df2cf90 code [0x000001b22df2d180, 0x000001b22df2d6c8]
Event: 0.731 Thread 0x000001b2494e4a00 1544       3       java.lang.invoke.MethodHandleNatives::linkCallSiteImpl (44 bytes)
Event: 0.731 Thread 0x000001b2496622b0 nmethod 1512 0x000001b2357fa990 code [0x000001b2357fab20, 0x000001b2357fabd8]
Event: 0.731 Thread 0x000001b2496622b0 1514       4       java.util.ImmutableCollections$ListN::size (6 bytes)
Event: 0.732 Thread 0x000001b2494e4a00 nmethod 1544 0x000001b22df2d890 code [0x000001b22df2dac0, 0x000001b22df2e3f8]
Event: 0.732 Thread 0x000001b2494e4a00 1546       3       java.lang.invoke.DirectMethodHandle$Holder::invokeStatic (15 bytes)
Event: 0.732 Thread 0x000001b2496622b0 nmethod 1514 0x000001b2357fac90 code [0x000001b2357fae20, 0x000001b2357faeb8]
Event: 0.732 Thread 0x000001b2494e4a00 nmethod 1546 0x000001b22df2e790 code [0x000001b22df2e960, 0x000001b22df2edf8]
Event: 0.733 Thread 0x000001b2494e4a00 1545       3       java.lang.invoke.ConstantCallSite::<init> (17 bytes)
Event: 0.733 Thread 0x000001b2494e4a00 nmethod 1545 0x000001b22df2ef10 code [0x000001b22df2f100, 0x000001b22df2f6a8]
Event: 0.735 Thread 0x000001b2494e4a00 1547       3       ch.qos.logback.core.subst.Parser::peekAtCurentToken (35 bytes)
Event: 0.735 Thread 0x000001b2494e4a00 nmethod 1547 0x000001b22df2f910 code [0x000001b22df2fae0, 0x000001b22df2fef8]
Event: 0.740 Thread 0x000001b2494e4a00 1548       3       java.lang.Byte::hashCode (8 bytes)
Event: 0.740 Thread 0x000001b2494e4a00 nmethod 1548 0x000001b22df30010 code [0x000001b22df301c0, 0x000001b22df30318]
Event: 0.740 Thread 0x000001b2494e4a00 1549       3       java.lang.Byte::hashCode (2 bytes)
Event: 0.740 Thread 0x000001b2494e4a00 nmethod 1549 0x000001b22df30410 code [0x000001b22df305a0, 0x000001b22df30698]

GC Heap History (2 events):
Event: 0.491 GC heap before
{Heap before GC invocations=0 (full 0):
 garbage-first heap   total 260096K, used 20480K [0x0000000703800000, 0x0000000800000000)
  region size 2048K, 11 young (22528K), 0 survivors (0K)
 Metaspace       used 5163K, committed 5376K, reserved 1114112K
  class space    used 604K, committed 704K, reserved 1048576K
}
Event: 0.494 GC heap after
{Heap after GC invocations=1 (full 0):
 garbage-first heap   total 260096K, used 7830K [0x0000000703800000, 0x0000000800000000)
  region size 2048K, 2 young (4096K), 2 survivors (4096K)
 Metaspace       used 5163K, committed 5376K, reserved 1114112K
  class space    used 604K, committed 704K, reserved 1048576K
}

Dll operation events (6 events):
Event: 0.005 Loaded shared library C:\Users\efime\.jdks\ms-17.0.16\bin\java.dll
Event: 0.018 Loaded shared library C:\Users\efime\.jdks\ms-17.0.16\bin\jsvml.dll
Event: 0.072 Loaded shared library C:\Users\efime\.jdks\ms-17.0.16\bin\net.dll
Event: 0.074 Loaded shared library C:\Users\efime\.jdks\ms-17.0.16\bin\nio.dll
Event: 0.076 Loaded shared library C:\Users\efime\.jdks\ms-17.0.16\bin\zip.dll
Event: 0.155 Loaded shared library C:\Users\efime\.jdks\ms-17.0.16\bin\jimage.dll

Deoptimization events (20 events):
Event: 0.639 Thread 0x000001b22614adc0 Uncommon trap: trap_request=0xffffffde fr.pc=0x000001b2357eaab4 relative=0x0000000000000114
Event: 0.639 Thread 0x000001b22614adc0 Uncommon trap: reason=class_check action=maybe_recompile pc=0x000001b2357eaab4 method=jdk.internal.misc.Unsafe.allocateUninitializedArray(Ljava/lang/Class;I)Ljava/lang/Object; @ 51 c2
Event: 0.639 Thread 0x000001b22614adc0 DEOPT PACKING pc=0x000001b2357eaab4 sp=0x00000017501fde90
Event: 0.639 Thread 0x000001b22614adc0 DEOPT UNPACKING pc=0x000001b2352169a3 sp=0x00000017501fde18 mode 2
Event: 0.639 Thread 0x000001b22614adc0 Uncommon trap: trap_request=0xffffffde fr.pc=0x000001b2357eaab4 relative=0x0000000000000114
Event: 0.639 Thread 0x000001b22614adc0 Uncommon trap: reason=class_check action=maybe_recompile pc=0x000001b2357eaab4 method=jdk.internal.misc.Unsafe.allocateUninitializedArray(Ljava/lang/Class;I)Ljava/lang/Object; @ 51 c2
Event: 0.639 Thread 0x000001b22614adc0 DEOPT PACKING pc=0x000001b2357eaab4 sp=0x00000017501fdda0
Event: 0.639 Thread 0x000001b22614adc0 DEOPT UNPACKING pc=0x000001b2352169a3 sp=0x00000017501fdd28 mode 2
Event: 0.643 Thread 0x000001b22614adc0 Uncommon trap: trap_request=0xffffffc6 fr.pc=0x000001b2357e8a00 relative=0x0000000000000320
Event: 0.643 Thread 0x000001b22614adc0 Uncommon trap: reason=bimorphic_or_optimized_type_check action=maybe_recompile pc=0x000001b2357e8a00 method=java.util.HashMap.getNode(Ljava/lang/Object;)Ljava/util/HashMap$Node; @ 63 c2
Event: 0.643 Thread 0x000001b22614adc0 DEOPT PACKING pc=0x000001b2357e8a00 sp=0x00000017501fe760
Event: 0.643 Thread 0x000001b22614adc0 DEOPT UNPACKING pc=0x000001b2352169a3 sp=0x00000017501fe6c8 mode 2
Event: 0.643 Thread 0x000001b22614adc0 Uncommon trap: trap_request=0xffffffc6 fr.pc=0x000001b2357e8a00 relative=0x0000000000000320
Event: 0.643 Thread 0x000001b22614adc0 Uncommon trap: reason=bimorphic_or_optimized_type_check action=maybe_recompile pc=0x000001b2357e8a00 method=java.util.HashMap.getNode(Ljava/lang/Object;)Ljava/util/HashMap$Node; @ 63 c2
Event: 0.643 Thread 0x000001b22614adc0 DEOPT PACKING pc=0x000001b2357e8a00 sp=0x00000017501fe760
Event: 0.643 Thread 0x000001b22614adc0 DEOPT UNPACKING pc=0x000001b2352169a3 sp=0x00000017501fe6c8 mode 2
Event: 0.646 Thread 0x000001b22614adc0 Uncommon trap: trap_request=0xffffffc6 fr.pc=0x000001b2357e8a00 relative=0x0000000000000320
Event: 0.646 Thread 0x000001b22614adc0 Uncommon trap: reason=bimorphic_or_optimized_type_check action=maybe_recompile pc=0x000001b2357e8a00 method=java.util.HashMap.getNode(Ljava/lang/Object;)Ljava/util/HashMap$Node; @ 63 c2
Event: 0.646 Thread 0x000001b22614adc0 DEOPT PACKING pc=0x000001b2357e8a00 sp=0x00000017501fe760
Event: 0.646 Thread 0x000001b22614adc0 DEOPT UNPACKING pc=0x000001b2352169a3 sp=0x00000017501fe6c8 mode 2

Classes loaded (20 events):
Event: 0.661 Loading class java/util/concurrent/ConcurrentLinkedDeque$Itr
Event: 0.661 Loading class java/util/concurrent/ConcurrentLinkedDeque$AbstractItr
Event: 0.661 Loading class java/util/concurrent/ConcurrentLinkedDeque$AbstractItr done
Event: 0.661 Loading class java/util/concurrent/ConcurrentLinkedDeque$Itr done
Event: 0.661 Loading class java/io/UnsupportedEncodingException
Event: 0.661 Loading class java/io/UnsupportedEncodingException done
Event: 0.661 Loading class java/nio/charset/CharacterCodingException
Event: 0.661 Loading class java/nio/charset/CharacterCodingException done
Event: 0.677 Loading class java/util/concurrent/ScheduledExecutorService
Event: 0.677 Loading class java/util/concurrent/ScheduledExecutorService done
Event: 0.679 Loading class java/util/concurrent/Executors$DefaultThreadFactory
Event: 0.679 Loading class java/util/concurrent/Executors$DefaultThreadFactory done
Event: 0.696 Loading class java/util/Collections$UnmodifiableMap$UnmodifiableEntrySet$UnmodifiableEntrySetSpliterator
Event: 0.696 Loading class java/util/Collections$UnmodifiableMap$UnmodifiableEntrySet$UnmodifiableEntrySetSpliterator done
Event: 0.696 Loading class java/util/HashMap$EntrySpliterator
Event: 0.696 Loading class java/util/HashMap$EntrySpliterator done
Event: 0.726 Loading class java/util/Stack
Event: 0.726 Loading class java/util/Stack done
Event: 0.727 Loading class java/util/Vector$Itr
Event: 0.727 Loading class java/util/Vector$Itr done

Classes unloaded (0 events):
No events

Classes redefined (0 events):
No events

Internal exceptions (20 events):
Event: 0.593 Thread 0x000001b22614adc0 Exception <a 'java/lang/NoSuchMethodError'{0x00000007131e7068}: 'void java.lang.invoke.DelegatingMethodHandle$Holder.delegate(java.lang.Object, java.lang.Object, int, java.lang.Object)'> (0x00000007131e7068) 
thrown [s\src\hotspot\share\interpreter\linkResolver.cpp, line 759]
Event: 0.595 Thread 0x000001b22614adc0 Exception <a 'java/lang/NoSuchMethodError'{0x0000000712e0abf8}: 'int java.lang.invoke.DirectMethodHandle$Holder.invokeVirtual(java.lang.Object, java.lang.Object, java.lang.Object)'> (0x0000000712e0abf8) 
thrown [s\src\hotspot\share\interpreter\linkResolver.cpp, line 759]
Event: 0.596 Thread 0x000001b22614adc0 Exception <a 'java/lang/NoSuchMethodError'{0x0000000712e0f330}: 'int java.lang.invoke.DirectMethodHandle$Holder.invokeStaticInit(java.lang.Object, int, int)'> (0x0000000712e0f330) 
thrown [s\src\hotspot\share\interpreter\linkResolver.cpp, line 759]
Event: 0.596 Thread 0x000001b22614adc0 Exception <a 'java/lang/NoSuchMethodError'{0x0000000712e16ec0}: 'int java.lang.invoke.DirectMethodHandle$Holder.invokeStaticInit(java.lang.Object, long, long)'> (0x0000000712e16ec0) 
thrown [s\src\hotspot\share\interpreter\linkResolver.cpp, line 759]
Event: 0.596 Thread 0x000001b22614adc0 Exception <a 'java/lang/NoSuchMethodError'{0x0000000712e1dfb8}: 'int java.lang.invoke.DirectMethodHandle$Holder.invokeStaticInit(java.lang.Object, float, float)'> (0x0000000712e1dfb8) 
thrown [s\src\hotspot\share\interpreter\linkResolver.cpp, line 759]
Event: 0.597 Thread 0x000001b22614adc0 Exception <a 'java/lang/NoSuchMethodError'{0x0000000712e250b8}: 'int java.lang.invoke.DirectMethodHandle$Holder.invokeStaticInit(java.lang.Object, double, double)'> (0x0000000712e250b8) 
thrown [s\src\hotspot\share\interpreter\linkResolver.cpp, line 759]
Event: 0.597 Thread 0x000001b22614adc0 Exception <a 'java/lang/NoSuchMethodError'{0x0000000712e29930}: 'int java.lang.invoke.DirectMethodHandle$Holder.invokeStatic(java.lang.Object, long)'> (0x0000000712e29930) 
thrown [s\src\hotspot\share\interpreter\linkResolver.cpp, line 759]
Event: 0.599 Thread 0x000001b22614adc0 Exception <a 'java/lang/NoSuchMethodError'{0x0000000712e4df58}: 'int java.lang.invoke.Invokers$Holder.linkToTargetMethod(java.lang.Object, java.lang.Object)'> (0x0000000712e4df58) 
thrown [s\src\hotspot\share\interpreter\linkResolver.cpp, line 759]
Event: 0.612 Thread 0x000001b22614adc0 Exception <a 'java/lang/NoSuchMethodError'{0x0000000712ecfa00}: 'java.lang.Object java.lang.invoke.DirectMethodHandle$Holder.invokeSpecial(java.lang.Object, java.lang.Object, java.lang.Object, int, java.lang.Object)'> (0x0000000712ecfa00) 
thrown [s\src\hotspot\share\interpreter\linkResolver.cpp, line 759]
Event: 0.612 Thread 0x000001b22614adc0 Exception <a 'java/lang/NoSuchMethodError'{0x0000000712ed7f68}: 'java.lang.Object java.lang.invoke.DirectMethodHandle$Holder.newInvokeSpecial(java.lang.Object, java.lang.Object, java.lang.Object, int, java.lang.Object)'> (0x0000000712ed7f68) 
thrown [s\src\hotspot\share\interpreter\linkResolver.cpp, line 759]
Event: 0.613 Thread 0x000001b22614adc0 Exception <a 'java/lang/NoSuchMethodError'{0x0000000712edfb90}: 'java.lang.Object java.lang.invoke.Invokers$Holder.linkToTargetMethod(java.lang.Object, java.lang.Object, int, java.lang.Object, java.lang.Object)'> (0x0000000712edfb90) 
thrown [s\src\hotspot\share\interpreter\linkResolver.cpp, line 759]
Event: 0.614 Thread 0x000001b22614adc0 Exception <a 'java/lang/NoSuchMethodError'{0x0000000712eef8f8}: 'java.lang.Object java.lang.invoke.DirectMethodHandle$Holder.newInvokeSpecial(java.lang.Object, int, java.lang.Object)'> (0x0000000712eef8f8) 
thrown [s\src\hotspot\share\interpreter\linkResolver.cpp, line 759]
Event: 0.614 Thread 0x000001b22614adc0 Exception <a 'java/lang/NoSuchMethodError'{0x0000000712ef43c8}: 'int java.lang.invoke.DirectMethodHandle$Holder.invokeSpecialIFC(java.lang.Object, java.lang.Object, java.lang.Object, java.lang.Object)'> (0x0000000712ef43c8) 
thrown [s\src\hotspot\share\interpreter\linkResolver.cpp, line 759]
Event: 0.634 Thread 0x000001b22614adc0 Exception <a 'java/lang/NoSuchMethodError'{0x0000000712fa7ba8}: 'void java.lang.invoke.DirectMethodHandle$Holder.invokeInterface(java.lang.Object, java.lang.Object, java.lang.Object)'> (0x0000000712fa7ba8) 
thrown [s\src\hotspot\share\interpreter\linkResolver.cpp, line 759]
Event: 0.653 Thread 0x000001b22614adc0 Exception <a 'java/lang/NoSuchMethodError'{0x0000000712c2ebb8}: 'void java.lang.invoke.DirectMethodHandle$Holder.invokeStaticInit(java.lang.Object, java.lang.Object, java.lang.Object)'> (0x0000000712c2ebb8) 
thrown [s\src\hotspot\share\interpreter\linkResolver.cpp, line 759]
Event: 0.659 Thread 0x000001b22614adc0 Exception <a 'java/lang/NoSuchMethodError'{0x0000000712c7b550}: 'java.lang.Object java.lang.invoke.DirectMethodHandle$Holder.invokeVirtual(java.lang.Object, java.lang.Object, java.lang.Object)'> (0x0000000712c7b550) 
thrown [s\src\hotspot\share\interpreter\linkResolver.cpp, line 759]
Event: 0.683 Thread 0x000001b22614adc0 Exception <a 'java/lang/NoSuchMethodError'{0x0000000712d55948}: 'java.lang.Object java.lang.invoke.DirectMethodHandle$Holder.newInvokeSpecial(java.lang.Object, long)'> (0x0000000712d55948) 
thrown [s\src\hotspot\share\interpreter\linkResolver.cpp, line 759]
Event: 0.685 Thread 0x000001b22614adc0 Exception <a 'java/lang/NoSuchMethodError'{0x0000000712d5d1e0}: 'void java.lang.invoke.DirectMethodHandle$Holder.invokeVirtual(java.lang.Object, java.lang.Object, java.lang.Object, java.lang.Object)'> (0x0000000712d5d1e0) 
thrown [s\src\hotspot\share\interpreter\linkResolver.cpp, line 759]
Event: 0.710 Thread 0x000001b22614adc0 Exception <a 'java/lang/NoSuchMethodError'{0x0000000712a118f0}: 'java.lang.Object java.lang.invoke.DirectMethodHandle$Holder.invokeSpecial(java.lang.Object, java.lang.Object, long, java.lang.Object, java.lang.Object, java.lang.Object, java.lang.Object, java.lang.Object, java.lang.Object)'> (0x0000000712a118f0) 
thrown [s\src\hotspot\share\interpreter\linkResolver.cpp, line 759]
Event: 0.711 Thread 0x000001b22614adc0 Exception <a 'java/lang/NoSuchMethodError'{0x0000000712a16170}: 'java.lang.Object java.lang.invoke.DelegatingMethodHandle$Holder.reinvoke_L(java.lang.Object, long, java.lang.Object, java.lang.Object, java.lang.Object, java.lang.Object, java.lang.Object, java.lang.Object)'> (0x0000000712a16170) 
thrown [s\src\hotspot\share\interpreter\linkResolver.cpp, line 759]

VM Operations (16 events):
Event: 0.093 Executing VM operation: HandshakeAllThreads
Event: 0.093 Executing VM operation: HandshakeAllThreads done
Event: 0.153 Executing VM operation: HandshakeAllThreads
Event: 0.153 Executing VM operation: HandshakeAllThreads done
Event: 0.160 Executing VM operation: HandshakeAllThreads
Event: 0.160 Executing VM operation: HandshakeAllThreads done
Event: 0.234 Executing VM operation: HandshakeAllThreads
Event: 0.234 Executing VM operation: HandshakeAllThreads done
Event: 0.262 Executing VM operation: HandshakeAllThreads
Event: 0.262 Executing VM operation: HandshakeAllThreads done
Event: 0.437 Executing VM operation: HandshakeAllThreads
Event: 0.437 Executing VM operation: HandshakeAllThreads done
Event: 0.491 Executing VM operation: G1CollectForAllocation
Event: 0.494 Executing VM operation: G1CollectForAllocation done
Event: 0.592 Executing VM operation: HandshakeAllThreads
Event: 0.592 Executing VM operation: HandshakeAllThreads done

Memory protections (0 events):
No events

Nmethod flushes (0 events):
No events

Events (14 events):
Event: 0.018 Thread 0x000001b22614adc0 Thread added: 0x000001b22614adc0
Event: 0.020 Thread 0x000001b22614adc0 Thread added: 0x000001b2494b7e90
Event: 0.020 Thread 0x000001b22614adc0 Thread added: 0x000001b2494b8660
Event: 0.025 Thread 0x000001b22614adc0 Thread added: 0x000001b2494d02d0
Event: 0.025 Thread 0x000001b22614adc0 Thread added: 0x000001b2494d29b0
Event: 0.025 Thread 0x000001b22614adc0 Thread added: 0x000001b2494d2f80
Event: 0.025 Thread 0x000001b22614adc0 Thread added: 0x000001b2494d7960
Event: 0.025 Thread 0x000001b22614adc0 Thread added: 0x000001b2494d8310
Event: 0.025 Thread 0x000001b22614adc0 Thread added: 0x000001b2494e4a00
Event: 0.025 Thread 0x000001b22614adc0 Thread added: 0x000001b2494e5f30
Event: 0.067 Thread 0x000001b22614adc0 Thread added: 0x000001b2496105f0
Event: 0.069 Thread 0x000001b22614adc0 Thread added: 0x000001b2496297f0
Event: 0.084 Thread 0x000001b2494e4a00 Thread added: 0x000001b2496622b0
Event: 0.224 Thread 0x000001b2494e4a00 Thread added: 0x000001b28f0e16e0


Dynamic libraries:
0x00007ff668ab0000 - 0x00007ff668abe000 	C:\Users\efime\.jdks\ms-17.0.16\bin\java.exe
0x00007ff940bc0000 - 0x00007ff940e28000 	C:\WINDOWS\SYSTEM32\ntdll.dll
0x00007ff93f560000 - 0x00007ff93f629000 	C:\WINDOWS\System32\KERNEL32.DLL
0x00007ff93e0e0000 - 0x00007ff93e4d2000 	C:\WINDOWS\System32\KERNELBASE.dll
0x00007ff93e650000 - 0x00007ff93e79b000 	C:\WINDOWS\System32\ucrtbase.dll
0x00007ff912060000 - 0x00007ff912078000 	C:\Users\efime\.jdks\ms-17.0.16\bin\jli.dll
0x00007ff910fa0000 - 0x00007ff910fbe000 	C:\Users\efime\.jdks\ms-17.0.16\bin\VCRUNTIME140.dll
0x00007ff9409b0000 - 0x00007ff940b75000 	C:\WINDOWS\System32\USER32.dll
0x00007ff93ddf0000 - 0x00007ff93de17000 	C:\WINDOWS\System32\win32u.dll
0x00007ff922770000 - 0x00007ff922a03000 	C:\WINDOWS\WinSxS\amd64_microsoft.windows.common-controls_6595b64144ccf1df_6.0.26100.6899_none_3e0efeeae32e88c1\COMCTL32.dll
0x00007ff93f220000 - 0x00007ff93f24b000 	C:\WINDOWS\System32\GDI32.dll
0x00007ff940420000 - 0x00007ff9404c9000 	C:\WINDOWS\System32\msvcrt.dll
0x00007ff93e860000 - 0x00007ff93e98d000 	C:\WINDOWS\System32\gdi32full.dll
0x00007ff93e030000 - 0x00007ff93e0d3000 	C:\WINDOWS\System32\msvcp_win.dll
0x00007ff93f250000 - 0x00007ff93f27f000 	C:\WINDOWS\System32\IMM32.DLL
0x00007ff936fa0000 - 0x00007ff936fac000 	C:\Users\efime\.jdks\ms-17.0.16\bin\vcruntime140_1.dll
0x00007ff8f8980000 - 0x00007ff8f8a09000 	C:\Users\efime\.jdks\ms-17.0.16\bin\msvcp140.dll
0x00007ff898c50000 - 0x00007ff8998ca000 	C:\Users\efime\.jdks\ms-17.0.16\bin\server\jvm.dll
0x00007ff940140000 - 0x00007ff9401f4000 	C:\WINDOWS\System32\ADVAPI32.dll
0x00007ff940080000 - 0x00007ff940126000 	C:\WINDOWS\System32\sechost.dll
0x00007ff940300000 - 0x00007ff940418000 	C:\WINDOWS\System32\RPCRT4.dll
0x00007ff93e990000 - 0x00007ff93ea04000 	C:\WINDOWS\System32\WS2_32.dll
0x00007ff93da10000 - 0x00007ff93da6e000 	C:\WINDOWS\SYSTEM32\POWRPROF.dll
0x00007ff92ba30000 - 0x00007ff92ba65000 	C:\WINDOWS\SYSTEM32\WINMM.dll
0x00007ff936ff0000 - 0x00007ff936ffb000 	C:\WINDOWS\SYSTEM32\VERSION.dll
0x00007ff93d9f0000 - 0x00007ff93da04000 	C:\WINDOWS\SYSTEM32\UMPDC.dll
0x00007ff93ca80000 - 0x00007ff93ca9b000 	C:\WINDOWS\SYSTEM32\kernel.appcore.dll
0x00007ff933e20000 - 0x00007ff933e2a000 	C:\Users\efime\.jdks\ms-17.0.16\bin\jimage.dll
0x00007ff93b570000 - 0x00007ff93b7b2000 	C:\WINDOWS\SYSTEM32\DBGHELP.DLL
0x00007ff93eab0000 - 0x00007ff93ee2b000 	C:\WINDOWS\System32\combase.dll
0x00007ff93efd0000 - 0x00007ff93f0a7000 	C:\WINDOWS\System32\OLEAUT32.dll
0x00007ff921280000 - 0x00007ff9212bc000 	C:\WINDOWS\SYSTEM32\dbgcore.DLL
0x00007ff93dd50000 - 0x00007ff93dde8000 	C:\WINDOWS\System32\bcryptPrimitives.dll
0x00007ff8f8950000 - 0x00007ff8f8976000 	C:\Users\efime\.jdks\ms-17.0.16\bin\java.dll
0x00007ff8da520000 - 0x00007ff8da5f6000 	C:\Users\efime\.jdks\ms-17.0.16\bin\jsvml.dll
0x00007ff93f7d0000 - 0x00007ff93ff1d000 	C:\WINDOWS\System32\SHELL32.dll
0x00007ff93e4e0000 - 0x00007ff93e64b000 	C:\WINDOWS\System32\wintypes.dll
0x00007ff93b960000 - 0x00007ff93c1bd000 	C:\WINDOWS\SYSTEM32\windows.storage.dll
0x00007ff93ee30000 - 0x00007ff93ef22000 	C:\WINDOWS\System32\SHCORE.dll
0x00007ff93f0b0000 - 0x00007ff93f112000 	C:\WINDOWS\System32\shlwapi.dll
0x00007ff93dc70000 - 0x00007ff93dc99000 	C:\WINDOWS\SYSTEM32\profapi.dll
0x00007ff907f30000 - 0x00007ff907f4b000 	C:\Users\efime\.jdks\ms-17.0.16\bin\net.dll
0x00007ff937000000 - 0x00007ff93711f000 	C:\WINDOWS\SYSTEM32\WINHTTP.dll
0x00007ff93d030000 - 0x00007ff93d09b000 	C:\WINDOWS\system32\mswsock.dll
0x00007ff8e4190000 - 0x00007ff8e41a6000 	C:\Users\efime\.jdks\ms-17.0.16\bin\nio.dll
0x00007ff90e790000 - 0x00007ff90e7a8000 	C:\Users\efime\.jdks\ms-17.0.16\bin\zip.dll

dbghelp: loaded successfully - version: 4.0.5 - missing functions: none
symbol engine: initialized successfully - sym options: 0x614 - pdb path: .;C:\Users\efime\.jdks\ms-17.0.16\bin;C:\WINDOWS\SYSTEM32;C:\WINDOWS\WinSxS\amd64_microsoft.windows.common-controls_6595b64144ccf1df_6.0.26100.6899_none_3e0efeeae32e88c1;C:\Users\efime\.jdks\ms-17.0.16\bin\server

VM Arguments:
jvm_args: -Dfile.encoding=UTF-8 -Duser.country=RU -Duser.language=ru -Duser.variant 
java_command: dev.vorstu.VorstuApplication
java_class_path (initial): D:\Spring\build\classes\java\main;D:\Spring\build\resources\main;C:\Users\efime\.gradle\caches\modules-2\files-2.1\org.springframework.boot\spring-boot-starter-data-jdbc\3.5.6\29885803e16330bc4e84a7405de60bedc153af54\spring-boot-starter-data-jdbc-3.5.6.jar;C:\Users\efime\.gradle\caches\modules-2\files-2.1\org.springframework.boot\spring-boot-starter-data-jpa\3.5.6\ec77fd4b025ff3401e80be68a8a3dfbe45c7dcfa\spring-boot-starter-data-jpa-3.5.6.jar;C:\Users\efime\.gradle\caches\modules-2\files-2.1\org.springframework.boot\spring-boot-starter-data-rest\3.5.6\43ef95ebe2a2716c5690428e309b7c9486fb3850\spring-boot-starter-data-rest-3.5.6.jar;C:\Users\efime\.gradle\caches\modules-2\files-2.1\org.springframework.boot\spring-boot-starter-web\3.5.6\83d6174983b3d6649525a272222af212728a9892\spring-boot-starter-web-3.5.6.jar;C:\Users\efime\.gradle\caches\modules-2\files-2.1\org.springframework.boot\spring-boot-starter-security\3.5.6\f784752820b4e59f1e144e6d208d04fa27da9\spring-boot-starter-security-3.5.6.jar;C:\Users\efime\.gradle\caches\modules-2\files-2.1\io.jsonwebtoken\jjwt-impl\0.12.6\ac23673a84b6089e0369fb8ab2c69edd91cd6eb0\jjwt-impl-0.12.6.jar;C:\Users\efime\.gradle\caches\modules-2\files-2.1\io.jsonwebtoken\jjwt-jackson\0.12.6\f141e0c1136ba17f2632858238a31ae05642dbf8\jjwt-jackson-0.12.6.jar;C:\Users\efime\.gradle\caches\modules-2\files-2.1\io.jsonwebtoken\jjwt-api\0.12.6\478886a888f6add04937baf0361144504a024967\jjwt-api-0.12.6.jar;C:\Users\efime\.gradle\caches\modules-2\files-2.1\org.postgresql\postgresql\42.7.7\67f8093e8d8104c74bbf588392ac3229803f5d17\postgresql-42.7.7.jar;C:\Users\efime\.gradle\caches\modules-2\files-2.1\org.springframework.boot\spring-boot-starter-jdbc\3.5.6\812d2dc9a662d9ab640bea01b383e82d881fc586\spring-boot-starter-jdbc-3.5.6.jar;C:\Users\efime\.gradle\caches\modules-2\files-2.1\org.springframework.data\spring-data-jdbc\3.5.4\fae35ae4bf38e5f80b6ce0f6f21714727b8f3032\spring-data-jdbc-3.5.4.jar;C:\Users\efime\.gradle\caches\mo
Launcher Type: SUN_STANDARD

[Global flags]
     intx CICompilerCount                          = 4                                         {product} {ergonomic}
     uint ConcGCThreads                            = 3                                         {product} {ergonomic}
     uint G1ConcRefinementThreads                  = 10                                        {product} {ergonomic}
   size_t G1HeapRegionSize                         = 2097152                                   {product} {ergonomic}
    uintx GCDrainStackTargetSize                   = 64                                        {product} {ergonomic}
   size_t InitialHeapSize                          = 266338304                                 {product} {ergonomic}
   size_t MarkStackSize                            = 4194304                                   {product} {ergonomic}
   size_t MaxHeapSize                              = 4236247040                                {product} {ergonomic}
   size_t MaxNewSize                               = 2541748224                                {product} {ergonomic}
   size_t MinHeapDeltaBytes                        = 2097152                                   {product} {ergonomic}
   size_t MinHeapSize                              = 8388608                                   {product} {ergonomic}
    uintx NonNMethodCodeHeapSize                   = 5839372                                {pd product} {ergonomic}
    uintx NonProfiledCodeHeapSize                  = 122909434                              {pd product} {ergonomic}
    uintx ProfiledCodeHeapSize                     = 122909434                              {pd product} {ergonomic}
    uintx ReservedCodeCacheSize                    = 251658240                              {pd product} {ergonomic}
     bool SegmentedCodeCache                       = true                                      {product} {ergonomic}
   size_t SoftMaxHeapSize                          = 4236247040                             {manageable} {ergonomic}
     bool UseCompressedClassPointers               = true                           {product lp64_product} {ergonomic}
     bool UseCompressedOops                        = true                           {product lp64_product} {ergonomic}
     bool UseG1GC                                  = true                                      {product} {ergonomic}
     bool UseLargePagesIndividualAllocation        = false                                  {pd product} {ergonomic}

Logging:
Log output configuration:
 #0: stdout all=warning uptime,level,tags
 #1: stderr all=off uptime,level,tags

Environment Variables:
PATH=C:\Program Files\Common Files\Oracle\Java\javapath;C:\Program Files\PostgreSQL\17\bin;C:\WINDOWS;C:\WINDOWS\System32\Wbem;C:\WINDOWS\System32\WindowsPowerShell\v1.0\;C:\WINDOWS\System32\OpenSSH\;C:\Program Files (x86)\NVIDIA Corporation\PhysX\Common;C:\Program Files (x86)\Windows Kits\10\Windows Performance Toolkit\;C:\Program Files\NVIDIA Corporation\NVIDIA app\NvDLISR;C:\Program Files\dotnet\;C:\Windows\System32;%NVM_HOME%;%NVM_SYMLINK%;D:\programs\Git\cmd;C:\Users\efime\AppData\Local\Microsoft\WindowsApps;C:\msys64\ucrt64\bin;C:\msys64\usr\bin;D:\programms\Microsoft VS Code\bin;C:\Users\efime\.dotnet\tools;C:\Users\efime\AppData\Local\nvm;C:\Program Files\nodejs
USERNAME=efime
OS=Windows_NT
PROCESSOR_IDENTIFIER=Intel64 Family 6 Model 154 Stepping 3, GenuineIntel
TMP=C:\Users\efime\AppData\Local\Temp
TEMP=C:\Users\efime\AppData\Local\Temp



Periodic native trim disabled


---------------  S Y S T E M  ---------------

OS:
 Windows 11 , 64 bit Build 26100 (10.0.26100.6725)
OS uptime: 13 days 22:24 hours
Hyper-V role detected

CPU: total 12 (initial active 12) (6 cores per cpu, 2 threads per core) family 6 model 154 stepping 3 microcode 0x424, cx8, cmov, fxsr, ht, mmx, 3dnowpref, sse, sse2, sse3, ssse3, sse4.1, sse4.2, popcnt, lzcnt, tsc, tscinvbit, avx, avx2, aes, erms, clmul, bmi1, bmi2, adx, sha, fma, vzeroupper, clflush, clflushopt, clwb, hv
Processor Information for the first 12 processors :
  Max Mhz: 2000, Current Mhz: 2000, Mhz Limit: 2000

Memory: 4k page, system-wide physical 16155M (1197M free)
TotalPageFile size 26847M (AvailPageFile size 5M)
current process WorkingSet (physical memory assigned to process): 107M, peak: 107M
current process commit charge ("private bytes"): 386M, peak: 386M

vm_info: OpenJDK 64-Bit Server VM (17.0.16+8-LTS) for windows-amd64 JRE (17.0.16+8-LTS), built on Jul 10 2025 00:24:24 by "MicrosoftCorporation" with unknown MS VC++:1944

END.
